

Microchip MPLAB XC8 Assembler V2.46 build 20240104201356 
                                                                                               Thu Apr 24 13:18:01 2025

Microchip MPLAB XC8 C Compiler v2.46 (Free license) build 20240104201356 Og1 
     1                           	processor	18F47Q10
     2                           	fnconf	rparam,??,?,0
     3                           	pagewidth 120
     4                           	opt	flic
     5                           	psect	nvCOMRAM,global,class=COMRAM,space=1,delta=1,lowdata,noexec
     6                           	psect	cinit,global,reloc=2,class=CODE,delta=1
     7                           	psect	cstackCOMRAM,global,class=COMRAM,space=1,delta=1,lowdata,noexec
     8                           	psect	text0,global,reloc=2,class=CODE,delta=1
     9                           	psect	text1,global,reloc=2,class=CODE,delta=1
    10                           	psect	text2,global,reloc=2,class=CODE,delta=1
    11                           	psect	text3,global,reloc=2,class=CODE,delta=1
    12                           	psect	text4,global,reloc=2,class=CODE,delta=1
    13                           	psect	text5,global,reloc=2,class=CODE,delta=1
    14                           	psect	text6,global,reloc=2,class=CODE,delta=1
    15                           	psect	text7,global,reloc=2,class=CODE,delta=1
    16                           	psect	text8,global,reloc=2,class=CODE,delta=1
    17                           	psect	text9,global,reloc=2,class=CODE,delta=1
    18                           	psect	text10,global,reloc=2,class=CODE,delta=1
    19                           	psect	text11,global,reloc=2,class=CODE,delta=1
    20                           	psect	smallconst,global,reloc=2,class=SMALLCONST,delta=1,noexec
    21                           	psect	intsave_regs,global,class=BIGRAM,space=1,delta=1,noexec
    22                           	psect	rparam,global,class=COMRAM,space=1,delta=1,noexec
    23                           	psect	config,global,abs,ovrld,class=CONFIG,space=4,delta=1,noexec
    24   000000                     
    25                           ; Generated 18/12/2023 GMT
    26                           ; 
    27                           ; Copyright © 2023, Microchip Technology Inc. and its subsidiaries ("Microchip")
    28                           ; All rights reserved.
    29                           ; 
    30                           ; This software is developed by Microchip Technology Inc. and its subsidiaries ("Microch
      +                          ip").
    31                           ; 
    32                           ; Redistribution and use in source and binary forms, with or without modification, are
    33                           ; permitted provided that the following conditions are met:
    34                           ; 
    35                           ;     1. Redistributions of source code must retain the above copyright notice, this lis
      +                          t of
    36                           ;        conditions and the following disclaimer.
    37                           ; 
    38                           ;     2. Redistributions in binary form must reproduce the above copyright notice, this 
      +                          list
    39                           ;        of conditions and the following disclaimer in the documentation and/or other
    40                           ;        materials provided with the distribution. Publication is not required when
    41                           ;        this file is used in an embedded application.
    42                           ; 
    43                           ;     3. Microchip's name may not be used to endorse or promote products derived from th
      +                          is
    44                           ;        software without specific prior written permission.
    45                           ; 
    46                           ; THIS SOFTWARE IS PROVIDED BY MICROCHIP "AS IS" AND ANY EXPRESS OR IMPLIED WARRANTIES,
    47                           ; INCLUDING, BUT NOT LIMITED TO, THE IMPLIED WARRANTIES OF MERCHANTABILITY AND FITNESS F
      +                          OR
    48                           ; PURPOSE ARE DISCLAIMED.  IN NO EVENT SHALL MICROCHIP BE LIABLE FOR ANY DIRECT, INDIREC
      +                          T,
    49                           ; INCIDENTAL, SPECIAL, EXEMPLARY, OR CONSEQUENTIAL DAMAGES (INCLUDING BUT NOT LIMITED TO
    50                           ; PROCUREMENT OF SUBSTITUTE GOODS OR SERVICES; LOSS OF USE, DATA OR PROFITS; OR BUSINESS
    51                           ; INTERRUPTION) HOWSOEVER CAUSED AND ON ANY THEORY OF LIABILITY, WHETHER IN CONTRACT, ST
      +                          RICT
    52                           ; LIABILITY, OR TORT (INCLUDING NEGLIGENCE OR OTHERWISE) ARISING IN ANY WAY OUT OF THE U
      +                          SE OF
    53                           ; THIS SOFTWARE, EVEN IF ADVISED OF THE POSSIBILITY OF SUCH DAMAGE.
    54                           ; 
    55                           ; 
    56                           ; Code-generator required, PIC18F47Q10 Definitions
    57                           ; 
    58                           ; SFR Addresses
    59   000000                     
    60 ;; Function _INT0_DefaultInterruptHandler is unused but had its address taken
    61   000000                     
    62 ;; Function _INT1_DefaultInterruptHandler is unused but had its address taken
    63   000000                     
    64 ;; Function _INT2_DefaultInterruptHandler is unused but had its address taken
    65   000000                     
    66 ;; Function _TMR2_DefaultPeriodMatchCallback is unused but had its address taken
    67   000000                     _OSCTUNE	set	3800
    68   000000                     _OSCFRQ	set	3801
    69   000000                     _T2CON	set	4028
    70   000000                     _IOCEF	set	3874
    71   000000                     _IOCEN	set	3875
    72   000000                     _IOCEP	set	3876
    73   000000                     _IOCCF	set	3861
    74   000000                     _IOCCN	set	3862
    75   000000                     _IOCCP	set	3863
    76   000000                     _IOCBF	set	3853
    77   000000                     _IOCBN	set	3854
    78   000000                     _IOCBP	set	3855
    79   000000                     _INLVLE	set	3877
    80   000000                     _INLVLD	set	3869
    81   000000                     _INLVLC	set	3864
    82   000000                     _INLVLB	set	3856
    83   000000                     _SLRCONE	set	3878
    84   000000                     _SLRCOND	set	3870
    85   000000                     _SLRCONC	set	3865
    86   000000                     _SLRCONB	set	3857
    87   000000                     _WPUE	set	3880
    88   000000                     _WPUD	set	3872
    89   000000                     _WPUC	set	3867
    90   000000                     _WPUB	set	3859
    91   000000                     _WPUA	set	3851
    92   000000                     _ANSELE	set	3881
    93   000000                     _ANSELD	set	3873
    94   000000                     _ANSELC	set	3868
    95   000000                     _ANSELB	set	3860
    96   000000                     _ANSELA	set	3852
    97   000000                     _ODCONE	set	3879
    98   000000                     _ODCOND	set	3871
    99   000000                     _ODCONC	set	3866
   100   000000                     _ODCONB	set	3858
   101                           
   102                           	psect	nvCOMRAM
   103   000001                     __pnvCOMRAM:
   104                           	callstack 0
   105   000001                     _TMR2_PeriodMatchCallback:
   106                           	callstack 0
   107   000001                     	ds	3
   108   000004                     _INT2_InterruptHandler:
   109                           	callstack 0
   110   000004                     	ds	3
   111   000007                     _INT1_InterruptHandler:
   112                           	callstack 0
   113   000007                     	ds	3
   114   00000A                     _INT0_InterruptHandler:
   115                           	callstack 0
   116   00000A                     	ds	3
   117   000000                     _T2RSTbits	set	4031
   118   000000                     _T2HLTbits	set	4029
   119   000000                     _T2CONbits	set	4028
   120   000000                     _PIE4bits	set	3777
   121   000000                     _PIR0bits	set	3781
   122   000000                     _RA4PPS	set	3814
   123   000000                     _INLVLA	set	3848
   124   000000                     _SLRCONA	set	3849
   125   000000                     _ODCONA	set	3850
   126   000000                     _LATA	set	3970
   127   000000                     _PWM3DCL	set	4002
   128   000000                     _PWM3DCH	set	4003
   129   000000                     _PWM3CON	set	4004
   130   000000                     _INTCONbits	set	4082
   131   000000                     _TRISE	set	3979
   132   000000                     _TRISD	set	3978
   133   000000                     _TRISC	set	3977
   134   000000                     _TRISB	set	3976
   135   000000                     _TRISA	set	3975
   136   000000                     _LATE	set	3974
   137   000000                     _LATD	set	3973
   138   000000                     _LATC	set	3972
   139   000000                     _LATB	set	3971
   140   000000                     _IOCAF	set	3845
   141   000000                     _IOCAN	set	3846
   142   000000                     _IOCAP	set	3847
   143   000000                     _RA7PPS	set	3817
   144   000000                     _RA6PPS	set	3816
   145   000000                     _RA5PPS	set	3815
   146   000000                     _PIR4bits	set	3785
   147   000000                     _CCPTMRSbits	set	4013
   148   000000                     _T2TMR	set	4026
   149   000000                     _T2PR	set	4027
   150   000000                     _T2HLT	set	4029
   151   000000                     _T2CLKCON	set	4030
   152   000000                     _T2RST	set	4031
   153   000000                     _OSCCON1	set	3795
   154   000000                     _OSCCON3	set	3797
   155   000000                     _OSCEN	set	3799
   156                           
   157                           ; #config settings
   158                           
   159                           	psect	cinit
   160   0010E6                     __pcinit:
   161                           	callstack 0
   162   0010E6                     start_initialization:
   163                           	callstack 0
   164   0010E6                     __initialization:
   165                           	callstack 0
   166   0010E6                     end_of_initialization:
   167                           	callstack 0
   168   0010E6                     __end_of__initialization:
   169                           	callstack 0
   170   0010E6  0100               	movlb	0
   171   0010E8  EF2E  F008         	goto	_main	;jump to C main() function
   172                           
   173                           	psect	cstackCOMRAM
   174   00000D                     __pcstackCOMRAM:
   175                           	callstack 0
   176   00000D                     PWM3_LoadDutyValue@dutyValue:
   177                           	callstack 0
   178   00000D                     INT0_SetInterruptHandler@InterruptHandler:
   179                           	callstack 0
   180   00000D                     INT1_SetInterruptHandler@InterruptHandler:
   181                           	callstack 0
   182   00000D                     INT2_SetInterruptHandler@InterruptHandler:
   183                           	callstack 0
   184                           
   185                           ; 3 bytes @ 0x0
   186   00000D                     	ds	2
   187   00000F                     ??_PWM3_LoadDutyValue:
   188                           
   189                           ; 1 bytes @ 0x2
   190   00000F                     	ds	1
   191   000010                     
   192                           ; 1 bytes @ 0x3
   193   000010                     	ds	1
   194   000011                     
   195                           ; 1 bytes @ 0x4
   196 ;;
   197 ;;Main: autosize = 0, tempsize = 0, incstack = 0, save=0
   198 ;;
   199 ;; *************** function _main *****************
   200 ;; Defined at:
   201 ;;		line 5 in file "main.c"
   202 ;; Parameters:    Size  Location     Type
   203 ;;		None
   204 ;; Auto vars:     Size  Location     Type
   205 ;;		None
   206 ;; Return value:  Size  Location     Type
   207 ;;                  1    wreg      void 
   208 ;; Registers used:
   209 ;;		wreg, status,2, status,0, cstack
   210 ;; Tracked objects:
   211 ;;		On entry : 0/0
   212 ;;		On exit  : 0/0
   213 ;;		Unchanged: 0/0
   214 ;; Data sizes:     COMRAM   BANK0   BANK1   BANK2   BANK3   BANK4   BANK5   BANK6   BANK7   BANK8   BANK9  BANK10  BANK1
      +1  BANK12  BANK14
   215 ;;      Params:         0       0       0       0       0       0       0       0       0       0       0       0       
      +0       0       0
   216 ;;      Locals:         0       0       0       0       0       0       0       0       0       0       0       0       
      +0       0       0
   217 ;;      Temps:          0       0       0       0       0       0       0       0       0       0       0       0       
      +0       0       0
   218 ;;      Totals:         0       0       0       0       0       0       0       0       0       0       0       0       
      +0       0       0
   219 ;;Total ram usage:        0 bytes
   220 ;; Hardware stack levels required when called: 3
   221 ;; This function calls:
   222 ;;		_PWM3_LoadDutyValue
   223 ;;		_SYSTEM_Initialize
   224 ;;		_TMR2_Start
   225 ;; This function is called by:
   226 ;;		Startup code after reset
   227 ;; This function uses a non-reentrant model
   228 ;;
   229                           
   230                           	psect	text0
   231   00105C                     __ptext0:
   232                           	callstack 0
   233   00105C                     _main:
   234                           	callstack 28
   235   00105C                     
   236                           ;main.c: 7:     SYSTEM_Initialize();
   237   00105C  EC48  F008         	call	_SYSTEM_Initialize	;wreg free
   238   001060                     
   239                           ;main.c: 9:     TMR2_Start();
   240   001060  EC76  F008         	call	_TMR2_Start	;wreg free
   241   001064                     
   242                           ;main.c: 10:     PWM3_LoadDutyValue(100);
   243   001064  0E00               	movlw	0
   244   001066  6E0E               	movwf	(PWM3_LoadDutyValue@dutyValue+1)^0,c
   245   001068  0E64               	movlw	100
   246   00106A  6E0D               	movwf	PWM3_LoadDutyValue@dutyValue^0,c
   247   00106C  EC00  F008         	call	_PWM3_LoadDutyValue	;wreg free
   248   001070                     l292:
   249   001070  EF38  F008         	goto	l292
   250   001074  EF00  F000         	goto	start
   251   001078                     __end_of_main:
   252                           	callstack 0
   253                           
   254 ;; *************** function _TMR2_Start *****************
   255 ;; Defined at:
   256 ;;		line 89 in file "mcc_generated_files/timer/src/tmr2.c"
   257 ;; Parameters:    Size  Location     Type
   258 ;;		None
   259 ;; Auto vars:     Size  Location     Type
   260 ;;		None
   261 ;; Return value:  Size  Location     Type
   262 ;;                  1    wreg      void 
   263 ;; Registers used:
   264 ;;		None
   265 ;; Tracked objects:
   266 ;;		On entry : 0/0
   267 ;;		On exit  : 0/0
   268 ;;		Unchanged: 0/0
   269 ;; Data sizes:     COMRAM   BANK0   BANK1   BANK2   BANK3   BANK4   BANK5   BANK6   BANK7   BANK8   BANK9  BANK10  BANK1
      +1  BANK12  BANK14
   270 ;;      Params:         0       0       0       0       0       0       0       0       0       0       0       0       
      +0       0       0
   271 ;;      Locals:         0       0       0       0       0       0       0       0       0       0       0       0       
      +0       0       0
   272 ;;      Temps:          0       0       0       0       0       0       0       0       0       0       0       0       
      +0       0       0
   273 ;;      Totals:         0       0       0       0       0       0       0       0       0       0       0       0       
      +0       0       0
   274 ;;Total ram usage:        0 bytes
   275 ;; Hardware stack levels used: 1
   276 ;; This function calls:
   277 ;;		Nothing
   278 ;; This function is called by:
   279 ;;		_main
   280 ;; This function uses a non-reentrant model
   281 ;;
   282                           
   283                           	psect	text1
   284   0010EC                     __ptext1:
   285                           	callstack 0
   286   0010EC                     _TMR2_Start:
   287                           	callstack 30
   288   0010EC                     
   289                           ;mcc_generated_files/timer/src/tmr2.c: 91:     T2CONbits.TMR2ON = 1;
   290   0010EC  8EBC               	bsf	188,7,c	;volatile
   291   0010EE  0012               	return		;funcret
   292   0010F0                     __end_of_TMR2_Start:
   293                           	callstack 0
   294                           
   295 ;; *************** function _SYSTEM_Initialize *****************
   296 ;; Defined at:
   297 ;;		line 38 in file "mcc_generated_files/system/src/system.c"
   298 ;; Parameters:    Size  Location     Type
   299 ;;		None
   300 ;; Auto vars:     Size  Location     Type
   301 ;;		None
   302 ;; Return value:  Size  Location     Type
   303 ;;                  1    wreg      void 
   304 ;; Registers used:
   305 ;;		wreg, status,2, status,0, cstack
   306 ;; Tracked objects:
   307 ;;		On entry : 0/0
   308 ;;		On exit  : 0/0
   309 ;;		Unchanged: 0/0
   310 ;; Data sizes:     COMRAM   BANK0   BANK1   BANK2   BANK3   BANK4   BANK5   BANK6   BANK7   BANK8   BANK9  BANK10  BANK1
      +1  BANK12  BANK14
   311 ;;      Params:         0       0       0       0       0       0       0       0       0       0       0       0       
      +0       0       0
   312 ;;      Locals:         0       0       0       0       0       0       0       0       0       0       0       0       
      +0       0       0
   313 ;;      Temps:          0       0       0       0       0       0       0       0       0       0       0       0       
      +0       0       0
   314 ;;      Totals:         0       0       0       0       0       0       0       0       0       0       0       0       
      +0       0       0
   315 ;;Total ram usage:        0 bytes
   316 ;; Hardware stack levels used: 1
   317 ;; Hardware stack levels required when called: 2
   318 ;; This function calls:
   319 ;;		_CLOCK_Initialize
   320 ;;		_INTERRUPT_Initialize
   321 ;;		_PIN_MANAGER_Initialize
   322 ;;		_PWM3_Initialize
   323 ;;		_TMR2_Initialize
   324 ;; This function is called by:
   325 ;;		_main
   326 ;; This function uses a non-reentrant model
   327 ;;
   328                           
   329                           	psect	text2
   330   001090                     __ptext2:
   331                           	callstack 0
   332   001090                     _SYSTEM_Initialize:
   333                           	callstack 28
   334   001090                     
   335                           ;mcc_generated_files/system/src/system.c: 40:     CLOCK_Initialize();
   336   001090  EC3C  F008         	call	_CLOCK_Initialize	;wreg free
   337                           
   338                           ;mcc_generated_files/system/src/system.c: 41:     PIN_MANAGER_Initialize();
   339   001094  EC81  F007         	call	_PIN_MANAGER_Initialize	;wreg free
   340   001098                     
   341                           ;mcc_generated_files/system/src/system.c: 42:     TMR2_Initialize();
   342   001098  EC1A  F008         	call	_TMR2_Initialize	;wreg free
   343   00109C                     
   344                           ;mcc_generated_files/system/src/system.c: 43:     PWM3_Initialize();
   345   00109C  EC53  F008         	call	_PWM3_Initialize	;wreg free
   346                           
   347                           ;mcc_generated_files/system/src/system.c: 44:     INTERRUPT_Initialize();
   348   0010A0  ECDD  F007         	call	_INTERRUPT_Initialize	;wreg free
   349   0010A4  0012               	return		;funcret
   350   0010A6                     __end_of_SYSTEM_Initialize:
   351                           	callstack 0
   352                           
   353 ;; *************** function _TMR2_Initialize *****************
   354 ;; Defined at:
   355 ;;		line 50 in file "mcc_generated_files/timer/src/tmr2.c"
   356 ;; Parameters:    Size  Location     Type
   357 ;;		None
   358 ;; Auto vars:     Size  Location     Type
   359 ;;		None
   360 ;; Return value:  Size  Location     Type
   361 ;;                  1    wreg      void 
   362 ;; Registers used:
   363 ;;		wreg, status,2, status,0
   364 ;; Tracked objects:
   365 ;;		On entry : 0/0
   366 ;;		On exit  : 0/0
   367 ;;		Unchanged: 0/0
   368 ;; Data sizes:     COMRAM   BANK0   BANK1   BANK2   BANK3   BANK4   BANK5   BANK6   BANK7   BANK8   BANK9  BANK10  BANK1
      +1  BANK12  BANK14
   369 ;;      Params:         0       0       0       0       0       0       0       0       0       0       0       0       
      +0       0       0
   370 ;;      Locals:         0       0       0       0       0       0       0       0       0       0       0       0       
      +0       0       0
   371 ;;      Temps:          0       0       0       0       0       0       0       0       0       0       0       0       
      +0       0       0
   372 ;;      Totals:         0       0       0       0       0       0       0       0       0       0       0       0       
      +0       0       0
   373 ;;Total ram usage:        0 bytes
   374 ;; Hardware stack levels used: 1
   375 ;; This function calls:
   376 ;;		Nothing
   377 ;; This function is called by:
   378 ;;		_SYSTEM_Initialize
   379 ;; This function uses a non-reentrant model
   380 ;;
   381                           
   382                           	psect	text3
   383   001034                     __ptext3:
   384                           	callstack 0
   385   001034                     _TMR2_Initialize:
   386                           	callstack 29
   387   001034                     
   388                           ;mcc_generated_files/timer/src/tmr2.c: 52:     T2CLKCON = (1 << 0x0);
   389   001034  0E01               	movlw	1
   390   001036  6EBE               	movwf	190,c	;volatile
   391                           
   392                           ;mcc_generated_files/timer/src/tmr2.c: 54:     T2HLT = (0 << 0x0)
   393   001038  0E00               	movlw	0
   394   00103A  6EBD               	movwf	189,c	;volatile
   395                           
   396                           ;mcc_generated_files/timer/src/tmr2.c: 59:     T2RST = (0 << 0x0);
   397   00103C  0E00               	movlw	0
   398   00103E  6EBF               	movwf	191,c	;volatile
   399   001040                     
   400                           ;mcc_generated_files/timer/src/tmr2.c: 61:     T2PR = 0xFF;
   401   001040  68BB               	setf	187,c	;volatile
   402                           
   403                           ;mcc_generated_files/timer/src/tmr2.c: 63:     T2TMR = 0x0;
   404   001042  0E00               	movlw	0
   405   001044  6EBA               	movwf	186,c	;volatile
   406   001046                     
   407                           ;mcc_generated_files/timer/src/tmr2.c: 65:     TMR2_PeriodMatchCallback = TMR2_DefaultPe
      +                          riodMatchCallback;
   408   001046  0E00               	movlw	0
   409   001048  6E01               	movwf	_TMR2_PeriodMatchCallback^0,c
   410   00104A  0E00               	movlw	0
   411   00104C  6E02               	movwf	(_TMR2_PeriodMatchCallback+1)^0,c
   412   00104E  0E00               	movlw	0
   413   001050  6E03               	movwf	(_TMR2_PeriodMatchCallback+2)^0,c
   414   001052                     
   415                           ;mcc_generated_files/timer/src/tmr2.c: 67:     PIR4bits.TMR2IF = 0;
   416   001052  010E               	movlb	14	; () banked
   417   001054  93C9               	bcf	201,1,b	;volatile
   418   001056                     
   419                           ; BSR set to: 14
   420                           ;mcc_generated_files/timer/src/tmr2.c: 69:     T2CON = (4 << 0x4)
   421   001056  0EC0               	movlw	192
   422   001058  6EBC               	movwf	188,c	;volatile
   423   00105A                     
   424                           ; BSR set to: 14
   425   00105A  0012               	return		;funcret
   426   00105C                     __end_of_TMR2_Initialize:
   427                           	callstack 0
   428                           
   429 ;; *************** function _PWM3_Initialize *****************
   430 ;; Defined at:
   431 ;;		line 45 in file "mcc_generated_files/pwm/src/pwm3.c"
   432 ;; Parameters:    Size  Location     Type
   433 ;;		None
   434 ;; Auto vars:     Size  Location     Type
   435 ;;		None
   436 ;; Return value:  Size  Location     Type
   437 ;;                  1    wreg      void 
   438 ;; Registers used:
   439 ;;		wreg, status,2
   440 ;; Tracked objects:
   441 ;;		On entry : 0/0
   442 ;;		On exit  : 0/0
   443 ;;		Unchanged: 0/0
   444 ;; Data sizes:     COMRAM   BANK0   BANK1   BANK2   BANK3   BANK4   BANK5   BANK6   BANK7   BANK8   BANK9  BANK10  BANK1
      +1  BANK12  BANK14
   445 ;;      Params:         0       0       0       0       0       0       0       0       0       0       0       0       
      +0       0       0
   446 ;;      Locals:         0       0       0       0       0       0       0       0       0       0       0       0       
      +0       0       0
   447 ;;      Temps:          0       0       0       0       0       0       0       0       0       0       0       0       
      +0       0       0
   448 ;;      Totals:         0       0       0       0       0       0       0       0       0       0       0       0       
      +0       0       0
   449 ;;Total ram usage:        0 bytes
   450 ;; Hardware stack levels used: 1
   451 ;; This function calls:
   452 ;;		Nothing
   453 ;; This function is called by:
   454 ;;		_SYSTEM_Initialize
   455 ;; This function uses a non-reentrant model
   456 ;;
   457                           
   458                           	psect	text4
   459   0010A6                     __ptext4:
   460                           	callstack 0
   461   0010A6                     _PWM3_Initialize:
   462                           	callstack 29
   463   0010A6                     
   464                           ;mcc_generated_files/pwm/src/pwm3.c: 50:     PWM3CON = 0x80;
   465   0010A6  0E80               	movlw	128
   466   0010A8  6EA4               	movwf	164,c	;volatile
   467                           
   468                           ;mcc_generated_files/pwm/src/pwm3.c: 53:     PWM3DCH = 0x7F;
   469   0010AA  0E7F               	movlw	127
   470   0010AC  6EA3               	movwf	163,c	;volatile
   471                           
   472                           ;mcc_generated_files/pwm/src/pwm3.c: 56:     PWM3DCL = 0xC0;
   473   0010AE  0EC0               	movlw	192
   474   0010B0  6EA2               	movwf	162,c	;volatile
   475                           
   476                           ;mcc_generated_files/pwm/src/pwm3.c: 59:     CCPTMRSbits.P3TSEL = 0x1;
   477   0010B2  50AD               	movf	173,w,c	;volatile
   478   0010B4  0BCF               	andlw	-49
   479   0010B6  0910               	iorlw	16
   480   0010B8  6EAD               	movwf	173,c	;volatile
   481   0010BA  0012               	return		;funcret
   482   0010BC                     __end_of_PWM3_Initialize:
   483                           	callstack 0
   484                           
   485 ;; *************** function _PIN_MANAGER_Initialize *****************
   486 ;; Defined at:
   487 ;;		line 38 in file "mcc_generated_files/system/src/pins.c"
   488 ;; Parameters:    Size  Location     Type
   489 ;;		None
   490 ;; Auto vars:     Size  Location     Type
   491 ;;		None
   492 ;; Return value:  Size  Location     Type
   493 ;;                  1    wreg      void 
   494 ;; Registers used:
   495 ;;		wreg, status,2
   496 ;; Tracked objects:
   497 ;;		On entry : 0/0
   498 ;;		On exit  : 0/0
   499 ;;		Unchanged: 0/0
   500 ;; Data sizes:     COMRAM   BANK0   BANK1   BANK2   BANK3   BANK4   BANK5   BANK6   BANK7   BANK8   BANK9  BANK10  BANK1
      +1  BANK12  BANK14
   501 ;;      Params:         0       0       0       0       0       0       0       0       0       0       0       0       
      +0       0       0
   502 ;;      Locals:         0       0       0       0       0       0       0       0       0       0       0       0       
      +0       0       0
   503 ;;      Temps:          0       0       0       0       0       0       0       0       0       0       0       0       
      +0       0       0
   504 ;;      Totals:         0       0       0       0       0       0       0       0       0       0       0       0       
      +0       0       0
   505 ;;Total ram usage:        0 bytes
   506 ;; Hardware stack levels used: 1
   507 ;; This function calls:
   508 ;;		Nothing
   509 ;; This function is called by:
   510 ;;		_SYSTEM_Initialize
   511 ;; This function uses a non-reentrant model
   512 ;;
   513                           
   514                           	psect	text5
   515   000F02                     __ptext5:
   516                           	callstack 0
   517   000F02                     _PIN_MANAGER_Initialize:
   518                           	callstack 29
   519   000F02                     
   520                           ;mcc_generated_files/system/src/pins.c: 43:     LATA = 0x0;
   521   000F02  0E00               	movlw	0
   522   000F04  6E82               	movwf	130,c	;volatile
   523                           
   524                           ;mcc_generated_files/system/src/pins.c: 44:     LATB = 0x0;
   525   000F06  0E00               	movlw	0
   526   000F08  6E83               	movwf	131,c	;volatile
   527                           
   528                           ;mcc_generated_files/system/src/pins.c: 45:     LATC = 0x0;
   529   000F0A  0E00               	movlw	0
   530   000F0C  6E84               	movwf	132,c	;volatile
   531                           
   532                           ;mcc_generated_files/system/src/pins.c: 46:     LATD = 0x0;
   533   000F0E  0E00               	movlw	0
   534   000F10  6E85               	movwf	133,c	;volatile
   535                           
   536                           ;mcc_generated_files/system/src/pins.c: 47:     LATE = 0x0;
   537   000F12  0E00               	movlw	0
   538   000F14  6E86               	movwf	134,c	;volatile
   539                           
   540                           ;mcc_generated_files/system/src/pins.c: 51:     ODCONA = 0x0;
   541   000F16  0E00               	movlw	0
   542   000F18  010F               	movlb	15	; () banked
   543   000F1A  6F0A               	movwf	10,b	;volatile
   544                           
   545                           ;mcc_generated_files/system/src/pins.c: 52:     ODCONB = 0x0;
   546   000F1C  0E00               	movlw	0
   547   000F1E  6F12               	movwf	18,b	;volatile
   548                           
   549                           ;mcc_generated_files/system/src/pins.c: 53:     ODCONC = 0x0;
   550   000F20  0E00               	movlw	0
   551   000F22  6F1A               	movwf	26,b	;volatile
   552                           
   553                           ;mcc_generated_files/system/src/pins.c: 54:     ODCOND = 0x0;
   554   000F24  0E00               	movlw	0
   555   000F26  6F1F               	movwf	31,b	;volatile
   556                           
   557                           ;mcc_generated_files/system/src/pins.c: 55:     ODCONE = 0x0;
   558   000F28  0E00               	movlw	0
   559   000F2A  6F27               	movwf	39,b	;volatile
   560                           
   561                           ;mcc_generated_files/system/src/pins.c: 60:     TRISA = 0xF;
   562   000F2C  0E0F               	movlw	15
   563   000F2E  6E87               	movwf	135,c	;volatile
   564   000F30                     
   565                           ; BSR set to: 15
   566                           ;mcc_generated_files/system/src/pins.c: 61:     TRISB = 0xFF;
   567   000F30  6888               	setf	136,c	;volatile
   568   000F32                     
   569                           ; BSR set to: 15
   570                           ;mcc_generated_files/system/src/pins.c: 62:     TRISC = 0xFF;
   571   000F32  6889               	setf	137,c	;volatile
   572   000F34                     
   573                           ; BSR set to: 15
   574                           ;mcc_generated_files/system/src/pins.c: 63:     TRISD = 0xFF;
   575   000F34  688A               	setf	138,c	;volatile
   576                           
   577                           ;mcc_generated_files/system/src/pins.c: 64:     TRISE = 0x7;
   578   000F36  0E07               	movlw	7
   579   000F38  6E8B               	movwf	139,c	;volatile
   580                           
   581                           ;mcc_generated_files/system/src/pins.c: 69:     ANSELA = 0xF;
   582   000F3A  0E0F               	movlw	15
   583   000F3C  6F0C               	movwf	12,b	;volatile
   584   000F3E                     
   585                           ; BSR set to: 15
   586                           ;mcc_generated_files/system/src/pins.c: 70:     ANSELB = 0xFF;
   587   000F3E  6914               	setf	20,b	;volatile
   588   000F40                     
   589                           ; BSR set to: 15
   590                           ;mcc_generated_files/system/src/pins.c: 71:     ANSELC = 0xFF;
   591   000F40  691C               	setf	28,b	;volatile
   592   000F42                     
   593                           ; BSR set to: 15
   594                           ;mcc_generated_files/system/src/pins.c: 72:     ANSELD = 0xFF;
   595   000F42  6921               	setf	33,b	;volatile
   596                           
   597                           ;mcc_generated_files/system/src/pins.c: 73:     ANSELE = 0x7;
   598   000F44  0E07               	movlw	7
   599   000F46  6F29               	movwf	41,b	;volatile
   600                           
   601                           ;mcc_generated_files/system/src/pins.c: 78:     WPUA = 0x0;
   602   000F48  0E00               	movlw	0
   603   000F4A  6F0B               	movwf	11,b	;volatile
   604                           
   605                           ;mcc_generated_files/system/src/pins.c: 79:     WPUB = 0x0;
   606   000F4C  0E00               	movlw	0
   607   000F4E  6F13               	movwf	19,b	;volatile
   608                           
   609                           ;mcc_generated_files/system/src/pins.c: 80:     WPUC = 0x0;
   610   000F50  0E00               	movlw	0
   611   000F52  6F1B               	movwf	27,b	;volatile
   612                           
   613                           ;mcc_generated_files/system/src/pins.c: 81:     WPUD = 0x0;
   614   000F54  0E00               	movlw	0
   615   000F56  6F20               	movwf	32,b	;volatile
   616                           
   617                           ;mcc_generated_files/system/src/pins.c: 82:     WPUE = 0x0;
   618   000F58  0E00               	movlw	0
   619   000F5A  6F28               	movwf	40,b	;volatile
   620   000F5C                     
   621                           ; BSR set to: 15
   622                           ;mcc_generated_files/system/src/pins.c: 88:     SLRCONA = 0xFF;
   623   000F5C  6909               	setf	9,b	;volatile
   624   000F5E                     
   625                           ; BSR set to: 15
   626                           ;mcc_generated_files/system/src/pins.c: 89:     SLRCONB = 0xFF;
   627   000F5E  6911               	setf	17,b	;volatile
   628   000F60                     
   629                           ; BSR set to: 15
   630                           ;mcc_generated_files/system/src/pins.c: 90:     SLRCONC = 0xFF;
   631   000F60  6919               	setf	25,b	;volatile
   632   000F62                     
   633                           ; BSR set to: 15
   634                           ;mcc_generated_files/system/src/pins.c: 91:     SLRCOND = 0xFF;
   635   000F62  691E               	setf	30,b	;volatile
   636                           
   637                           ;mcc_generated_files/system/src/pins.c: 92:     SLRCONE = 0x7;
   638   000F64  0E07               	movlw	7
   639   000F66  6F26               	movwf	38,b	;volatile
   640   000F68                     
   641                           ; BSR set to: 15
   642                           ;mcc_generated_files/system/src/pins.c: 97:     INLVLA = 0xFF;
   643   000F68  6908               	setf	8,b	;volatile
   644   000F6A                     
   645                           ; BSR set to: 15
   646                           ;mcc_generated_files/system/src/pins.c: 98:     INLVLB = 0xFF;
   647   000F6A  6910               	setf	16,b	;volatile
   648   000F6C                     
   649                           ; BSR set to: 15
   650                           ;mcc_generated_files/system/src/pins.c: 99:     INLVLC = 0xFF;
   651   000F6C  6918               	setf	24,b	;volatile
   652   000F6E                     
   653                           ; BSR set to: 15
   654                           ;mcc_generated_files/system/src/pins.c: 100:     INLVLD = 0xFF;
   655   000F6E  691D               	setf	29,b	;volatile
   656                           
   657                           ;mcc_generated_files/system/src/pins.c: 101:     INLVLE = 0xF;
   658   000F70  0E0F               	movlw	15
   659   000F72  6F25               	movwf	37,b	;volatile
   660                           
   661                           ;mcc_generated_files/system/src/pins.c: 109:     RA4PPS = 0x07;
   662   000F74  0E07               	movlw	7
   663   000F76  010E               	movlb	14	; () banked
   664   000F78  6FE6               	movwf	230,b	;volatile
   665                           
   666                           ;mcc_generated_files/system/src/pins.c: 110:     RA5PPS = 0x07;
   667   000F7A  0E07               	movlw	7
   668   000F7C  6FE7               	movwf	231,b	;volatile
   669                           
   670                           ;mcc_generated_files/system/src/pins.c: 111:     RA6PPS = 0x07;
   671   000F7E  0E07               	movlw	7
   672   000F80  6FE8               	movwf	232,b	;volatile
   673                           
   674                           ;mcc_generated_files/system/src/pins.c: 112:     RA7PPS = 0x07;
   675   000F82  0E07               	movlw	7
   676   000F84  6FE9               	movwf	233,b	;volatile
   677                           
   678                           ;mcc_generated_files/system/src/pins.c: 117:     IOCAP = 0x0;
   679   000F86  0E00               	movlw	0
   680   000F88  010F               	movlb	15	; () banked
   681   000F8A  6F07               	movwf	7,b	;volatile
   682                           
   683                           ;mcc_generated_files/system/src/pins.c: 118:     IOCAN = 0x0;
   684   000F8C  0E00               	movlw	0
   685   000F8E  6F06               	movwf	6,b	;volatile
   686                           
   687                           ;mcc_generated_files/system/src/pins.c: 119:     IOCAF = 0x0;
   688   000F90  0E00               	movlw	0
   689   000F92  6F05               	movwf	5,b	;volatile
   690                           
   691                           ;mcc_generated_files/system/src/pins.c: 120:     IOCBP = 0x0;
   692   000F94  0E00               	movlw	0
   693   000F96  6F0F               	movwf	15,b	;volatile
   694                           
   695                           ;mcc_generated_files/system/src/pins.c: 121:     IOCBN = 0x0;
   696   000F98  0E00               	movlw	0
   697   000F9A  6F0E               	movwf	14,b	;volatile
   698                           
   699                           ;mcc_generated_files/system/src/pins.c: 122:     IOCBF = 0x0;
   700   000F9C  0E00               	movlw	0
   701   000F9E  6F0D               	movwf	13,b	;volatile
   702                           
   703                           ;mcc_generated_files/system/src/pins.c: 123:     IOCCP = 0x0;
   704   000FA0  0E00               	movlw	0
   705   000FA2  6F17               	movwf	23,b	;volatile
   706                           
   707                           ;mcc_generated_files/system/src/pins.c: 124:     IOCCN = 0x0;
   708   000FA4  0E00               	movlw	0
   709   000FA6  6F16               	movwf	22,b	;volatile
   710                           
   711                           ;mcc_generated_files/system/src/pins.c: 125:     IOCCF = 0x0;
   712   000FA8  0E00               	movlw	0
   713   000FAA  6F15               	movwf	21,b	;volatile
   714                           
   715                           ;mcc_generated_files/system/src/pins.c: 126:     IOCEP = 0x0;
   716   000FAC  0E00               	movlw	0
   717   000FAE  6F24               	movwf	36,b	;volatile
   718                           
   719                           ;mcc_generated_files/system/src/pins.c: 127:     IOCEN = 0x0;
   720   000FB0  0E00               	movlw	0
   721   000FB2  6F23               	movwf	35,b	;volatile
   722                           
   723                           ;mcc_generated_files/system/src/pins.c: 128:     IOCEF = 0x0;
   724   000FB4  0E00               	movlw	0
   725   000FB6  6F22               	movwf	34,b	;volatile
   726   000FB8                     
   727                           ; BSR set to: 15
   728   000FB8  0012               	return		;funcret
   729   000FBA                     __end_of_PIN_MANAGER_Initialize:
   730                           	callstack 0
   731                           
   732 ;; *************** function _INTERRUPT_Initialize *****************
   733 ;; Defined at:
   734 ;;		line 42 in file "mcc_generated_files/system/src/interrupt.c"
   735 ;; Parameters:    Size  Location     Type
   736 ;;		None
   737 ;; Auto vars:     Size  Location     Type
   738 ;;		None
   739 ;; Return value:  Size  Location     Type
   740 ;;                  1    wreg      void 
   741 ;; Registers used:
   742 ;;		wreg, status,2, status,0, cstack
   743 ;; Tracked objects:
   744 ;;		On entry : 0/0
   745 ;;		On exit  : 0/0
   746 ;;		Unchanged: 0/0
   747 ;; Data sizes:     COMRAM   BANK0   BANK1   BANK2   BANK3   BANK4   BANK5   BANK6   BANK7   BANK8   BANK9  BANK10  BANK1
      +1  BANK12  BANK14
   748 ;;      Params:         0       0       0       0       0       0       0       0       0       0       0       0       
      +0       0       0
   749 ;;      Locals:         0       0       0       0       0       0       0       0       0       0       0       0       
      +0       0       0
   750 ;;      Temps:          0       0       0       0       0       0       0       0       0       0       0       0       
      +0       0       0
   751 ;;      Totals:         0       0       0       0       0       0       0       0       0       0       0       0       
      +0       0       0
   752 ;;Total ram usage:        0 bytes
   753 ;; Hardware stack levels used: 1
   754 ;; Hardware stack levels required when called: 1
   755 ;; This function calls:
   756 ;;		_INT0_SetInterruptHandler
   757 ;;		_INT1_SetInterruptHandler
   758 ;;		_INT2_SetInterruptHandler
   759 ;; This function is called by:
   760 ;;		_SYSTEM_Initialize
   761 ;; This function uses a non-reentrant model
   762 ;;
   763                           
   764                           	psect	text6
   765   000FBA                     __ptext6:
   766                           	callstack 0
   767   000FBA                     _INTERRUPT_Initialize:
   768                           	callstack 28
   769   000FBA                     
   770                           ;mcc_generated_files/system/src/interrupt.c: 45:     INTCONbits.IPEN = 0;
   771   000FBA  9AF2               	bcf	242,5,c	;volatile
   772                           
   773                           ;mcc_generated_files/system/src/interrupt.c: 49:     (PIR0bits.INT0IF = 0);
   774   000FBC  010E               	movlb	14	; () banked
   775   000FBE  91C5               	bcf	197,0,b	;volatile
   776                           
   777                           ;mcc_generated_files/system/src/interrupt.c: 50:     (INTCONbits.INT0EDG = 1);
   778   000FC0  80F2               	bsf	242,0,c	;volatile
   779   000FC2                     
   780                           ; BSR set to: 14
   781                           ;mcc_generated_files/system/src/interrupt.c: 52:     INT0_SetInterruptHandler(INT0_Defau
      +                          ltInterruptHandler);
   782   000FC2  0E00               	movlw	0
   783   000FC4  6E0D               	movwf	INT0_SetInterruptHandler@InterruptHandler^0,c
   784   000FC6  0E00               	movlw	0
   785   000FC8  6E0E               	movwf	(INT0_SetInterruptHandler@InterruptHandler+1)^0,c
   786   000FCA  0E00               	movlw	0
   787   000FCC  6E0F               	movwf	(INT0_SetInterruptHandler@InterruptHandler+2)^0,c
   788   000FCE  EC6C  F008         	call	_INT0_SetInterruptHandler	;wreg free
   789   000FD2                     
   790                           ;mcc_generated_files/system/src/interrupt.c: 57:     (PIR0bits.INT1IF = 0);
   791   000FD2  010E               	movlb	14	; () banked
   792   000FD4  93C5               	bcf	197,1,b	;volatile
   793   000FD6                     
   794                           ; BSR set to: 14
   795                           ;mcc_generated_files/system/src/interrupt.c: 58:     (INTCONbits.INT1EDG = 1);
   796   000FD6  82F2               	bsf	242,1,c	;volatile
   797                           
   798                           ;mcc_generated_files/system/src/interrupt.c: 60:     INT1_SetInterruptHandler(INT1_Defau
      +                          ltInterruptHandler);
   799   000FD8  0E00               	movlw	0
   800   000FDA  6E0D               	movwf	INT1_SetInterruptHandler@InterruptHandler^0,c
   801   000FDC  0E00               	movlw	0
   802   000FDE  6E0E               	movwf	(INT1_SetInterruptHandler@InterruptHandler+1)^0,c
   803   000FE0  0E00               	movlw	0
   804   000FE2  6E0F               	movwf	(INT1_SetInterruptHandler@InterruptHandler+2)^0,c
   805   000FE4  EC65  F008         	call	_INT1_SetInterruptHandler	;wreg free
   806   000FE8                     
   807                           ;mcc_generated_files/system/src/interrupt.c: 65:     (PIR0bits.INT2IF = 0);
   808   000FE8  010E               	movlb	14	; () banked
   809   000FEA  95C5               	bcf	197,2,b	;volatile
   810   000FEC                     
   811                           ; BSR set to: 14
   812                           ;mcc_generated_files/system/src/interrupt.c: 66:     (INTCONbits.INT2EDG = 1);
   813   000FEC  84F2               	bsf	242,2,c	;volatile
   814                           
   815                           ;mcc_generated_files/system/src/interrupt.c: 68:     INT2_SetInterruptHandler(INT2_Defau
      +                          ltInterruptHandler);
   816   000FEE  0E00               	movlw	0
   817   000FF0  6E0D               	movwf	INT2_SetInterruptHandler@InterruptHandler^0,c
   818   000FF2  0E00               	movlw	0
   819   000FF4  6E0E               	movwf	(INT2_SetInterruptHandler@InterruptHandler+1)^0,c
   820   000FF6  0E00               	movlw	0
   821   000FF8  6E0F               	movwf	(INT2_SetInterruptHandler@InterruptHandler+2)^0,c
   822   000FFA  EC5E  F008         	call	_INT2_SetInterruptHandler	;wreg free
   823   000FFE  0012               	return		;funcret
   824   001000                     __end_of_INTERRUPT_Initialize:
   825                           	callstack 0
   826                           
   827 ;; *************** function _INT2_SetInterruptHandler *****************
   828 ;; Defined at:
   829 ;;		line 144 in file "mcc_generated_files/system/src/interrupt.c"
   830 ;; Parameters:    Size  Location     Type
   831 ;;  InterruptHan    3    0[COMRAM] PTR FTN()void 
   832 ;;		 -> INT2_DefaultInterruptHandler(1), 
   833 ;; Auto vars:     Size  Location     Type
   834 ;;		None
   835 ;; Return value:  Size  Location     Type
   836 ;;                  1    wreg      void 
   837 ;; Registers used:
   838 ;;		wreg, status,2, status,0
   839 ;; Tracked objects:
   840 ;;		On entry : 0/0
   841 ;;		On exit  : 0/0
   842 ;;		Unchanged: 0/0
   843 ;; Data sizes:     COMRAM   BANK0   BANK1   BANK2   BANK3   BANK4   BANK5   BANK6   BANK7   BANK8   BANK9  BANK10  BANK1
      +1  BANK12  BANK14
   844 ;;      Params:         3       0       0       0       0       0       0       0       0       0       0       0       
      +0       0       0
   845 ;;      Locals:         0       0       0       0       0       0       0       0       0       0       0       0       
      +0       0       0
   846 ;;      Temps:          0       0       0       0       0       0       0       0       0       0       0       0       
      +0       0       0
   847 ;;      Totals:         3       0       0       0       0       0       0       0       0       0       0       0       
      +0       0       0
   848 ;;Total ram usage:        3 bytes
   849 ;; Hardware stack levels used: 1
   850 ;; This function calls:
   851 ;;		Nothing
   852 ;; This function is called by:
   853 ;;		_INTERRUPT_Initialize
   854 ;; This function uses a non-reentrant model
   855 ;;
   856                           
   857                           	psect	text7
   858   0010BC                     __ptext7:
   859                           	callstack 0
   860   0010BC                     _INT2_SetInterruptHandler:
   861                           	callstack 28
   862   0010BC                     
   863                           ;mcc_generated_files/system/src/interrupt.c: 145:     INT2_InterruptHandler = InterruptH
      +                          andler;
   864   0010BC  C00D  F004         	movff	INT2_SetInterruptHandler@InterruptHandler,_INT2_InterruptHandler
   865   0010C0  C00E  F005         	movff	INT2_SetInterruptHandler@InterruptHandler+1,_INT2_InterruptHandler+1
   866   0010C4  C00F  F006         	movff	INT2_SetInterruptHandler@InterruptHandler+2,_INT2_InterruptHandler+2
   867   0010C8  0012               	return		;funcret
   868   0010CA                     __end_of_INT2_SetInterruptHandler:
   869                           	callstack 0
   870                           
   871 ;; *************** function _INT1_SetInterruptHandler *****************
   872 ;; Defined at:
   873 ;;		line 118 in file "mcc_generated_files/system/src/interrupt.c"
   874 ;; Parameters:    Size  Location     Type
   875 ;;  InterruptHan    3    0[COMRAM] PTR FTN()void 
   876 ;;		 -> INT1_DefaultInterruptHandler(1), 
   877 ;; Auto vars:     Size  Location     Type
   878 ;;		None
   879 ;; Return value:  Size  Location     Type
   880 ;;                  1    wreg      void 
   881 ;; Registers used:
   882 ;;		wreg, status,2, status,0
   883 ;; Tracked objects:
   884 ;;		On entry : 0/0
   885 ;;		On exit  : 0/0
   886 ;;		Unchanged: 0/0
   887 ;; Data sizes:     COMRAM   BANK0   BANK1   BANK2   BANK3   BANK4   BANK5   BANK6   BANK7   BANK8   BANK9  BANK10  BANK1
      +1  BANK12  BANK14
   888 ;;      Params:         3       0       0       0       0       0       0       0       0       0       0       0       
      +0       0       0
   889 ;;      Locals:         0       0       0       0       0       0       0       0       0       0       0       0       
      +0       0       0
   890 ;;      Temps:          0       0       0       0       0       0       0       0       0       0       0       0       
      +0       0       0
   891 ;;      Totals:         3       0       0       0       0       0       0       0       0       0       0       0       
      +0       0       0
   892 ;;Total ram usage:        3 bytes
   893 ;; Hardware stack levels used: 1
   894 ;; This function calls:
   895 ;;		Nothing
   896 ;; This function is called by:
   897 ;;		_INTERRUPT_Initialize
   898 ;; This function uses a non-reentrant model
   899 ;;
   900                           
   901                           	psect	text8
   902   0010CA                     __ptext8:
   903                           	callstack 0
   904   0010CA                     _INT1_SetInterruptHandler:
   905                           	callstack 28
   906   0010CA                     
   907                           ;mcc_generated_files/system/src/interrupt.c: 119:     INT1_InterruptHandler = InterruptH
      +                          andler;
   908   0010CA  C00D  F007         	movff	INT1_SetInterruptHandler@InterruptHandler,_INT1_InterruptHandler
   909   0010CE  C00E  F008         	movff	INT1_SetInterruptHandler@InterruptHandler+1,_INT1_InterruptHandler+1
   910   0010D2  C00F  F009         	movff	INT1_SetInterruptHandler@InterruptHandler+2,_INT1_InterruptHandler+2
   911   0010D6  0012               	return		;funcret
   912   0010D8                     __end_of_INT1_SetInterruptHandler:
   913                           	callstack 0
   914                           
   915 ;; *************** function _INT0_SetInterruptHandler *****************
   916 ;; Defined at:
   917 ;;		line 92 in file "mcc_generated_files/system/src/interrupt.c"
   918 ;; Parameters:    Size  Location     Type
   919 ;;  InterruptHan    3    0[COMRAM] PTR FTN()void 
   920 ;;		 -> INT0_DefaultInterruptHandler(1), 
   921 ;; Auto vars:     Size  Location     Type
   922 ;;		None
   923 ;; Return value:  Size  Location     Type
   924 ;;                  1    wreg      void 
   925 ;; Registers used:
   926 ;;		wreg, status,2, status,0
   927 ;; Tracked objects:
   928 ;;		On entry : 0/0
   929 ;;		On exit  : 0/0
   930 ;;		Unchanged: 0/0
   931 ;; Data sizes:     COMRAM   BANK0   BANK1   BANK2   BANK3   BANK4   BANK5   BANK6   BANK7   BANK8   BANK9  BANK10  BANK1
      +1  BANK12  BANK14
   932 ;;      Params:         3       0       0       0       0       0       0       0       0       0       0       0       
      +0       0       0
   933 ;;      Locals:         0       0       0       0       0       0       0       0       0       0       0       0       
      +0       0       0
   934 ;;      Temps:          0       0       0       0       0       0       0       0       0       0       0       0       
      +0       0       0
   935 ;;      Totals:         3       0       0       0       0       0       0       0       0       0       0       0       
      +0       0       0
   936 ;;Total ram usage:        3 bytes
   937 ;; Hardware stack levels used: 1
   938 ;; This function calls:
   939 ;;		Nothing
   940 ;; This function is called by:
   941 ;;		_INTERRUPT_Initialize
   942 ;; This function uses a non-reentrant model
   943 ;;
   944                           
   945                           	psect	text9
   946   0010D8                     __ptext9:
   947                           	callstack 0
   948   0010D8                     _INT0_SetInterruptHandler:
   949                           	callstack 28
   950   0010D8                     
   951                           ;mcc_generated_files/system/src/interrupt.c: 93:     INT0_InterruptHandler = InterruptHa
      +                          ndler;
   952   0010D8  C00D  F00A         	movff	INT0_SetInterruptHandler@InterruptHandler,_INT0_InterruptHandler
   953   0010DC  C00E  F00B         	movff	INT0_SetInterruptHandler@InterruptHandler+1,_INT0_InterruptHandler+1
   954   0010E0  C00F  F00C         	movff	INT0_SetInterruptHandler@InterruptHandler+2,_INT0_InterruptHandler+2
   955   0010E4  0012               	return		;funcret
   956   0010E6                     __end_of_INT0_SetInterruptHandler:
   957                           	callstack 0
   958                           
   959 ;; *************** function _CLOCK_Initialize *****************
   960 ;; Defined at:
   961 ;;		line 39 in file "mcc_generated_files/system/src/clock.c"
   962 ;; Parameters:    Size  Location     Type
   963 ;;		None
   964 ;; Auto vars:     Size  Location     Type
   965 ;;		None
   966 ;; Return value:  Size  Location     Type
   967 ;;                  1    wreg      void 
   968 ;; Registers used:
   969 ;;		wreg, status,2
   970 ;; Tracked objects:
   971 ;;		On entry : 0/0
   972 ;;		On exit  : 0/0
   973 ;;		Unchanged: 0/0
   974 ;; Data sizes:     COMRAM   BANK0   BANK1   BANK2   BANK3   BANK4   BANK5   BANK6   BANK7   BANK8   BANK9  BANK10  BANK1
      +1  BANK12  BANK14
   975 ;;      Params:         0       0       0       0       0       0       0       0       0       0       0       0       
      +0       0       0
   976 ;;      Locals:         0       0       0       0       0       0       0       0       0       0       0       0       
      +0       0       0
   977 ;;      Temps:          0       0       0       0       0       0       0       0       0       0       0       0       
      +0       0       0
   978 ;;      Totals:         0       0       0       0       0       0       0       0       0       0       0       0       
      +0       0       0
   979 ;;Total ram usage:        0 bytes
   980 ;; Hardware stack levels used: 1
   981 ;; This function calls:
   982 ;;		Nothing
   983 ;; This function is called by:
   984 ;;		_SYSTEM_Initialize
   985 ;; This function uses a non-reentrant model
   986 ;;
   987                           
   988                           	psect	text10
   989   001078                     __ptext10:
   990                           	callstack 0
   991   001078                     _CLOCK_Initialize:
   992                           	callstack 29
   993   001078                     
   994                           ;mcc_generated_files/system/src/clock.c: 42:     OSCCON1 = (2 << 0x0)
   995   001078  0E52               	movlw	82
   996   00107A  010E               	movlb	14	; () banked
   997   00107C  6FD3               	movwf	211,b	;volatile
   998                           
   999                           ;mcc_generated_files/system/src/clock.c: 44:     OSCCON3 = (0 << 0x6)
  1000   00107E  0E00               	movlw	0
  1001   001080  6FD5               	movwf	213,b	;volatile
  1002                           
  1003                           ;mcc_generated_files/system/src/clock.c: 46:     OSCEN = (0 << 0x7)
  1004   001082  0E00               	movlw	0
  1005   001084  6FD7               	movwf	215,b	;volatile
  1006                           
  1007                           ;mcc_generated_files/system/src/clock.c: 52:     OSCFRQ = (8 << 0x0);
  1008   001086  0E08               	movlw	8
  1009   001088  6FD9               	movwf	217,b	;volatile
  1010                           
  1011                           ;mcc_generated_files/system/src/clock.c: 53:     OSCTUNE = (0 << 0x0);
  1012   00108A  0E00               	movlw	0
  1013   00108C  6FD8               	movwf	216,b	;volatile
  1014   00108E                     
  1015                           ; BSR set to: 14
  1016   00108E  0012               	return		;funcret
  1017   001090                     __end_of_CLOCK_Initialize:
  1018                           	callstack 0
  1019                           
  1020 ;; *************** function _PWM3_LoadDutyValue *****************
  1021 ;; Defined at:
  1022 ;;		line 63 in file "mcc_generated_files/pwm/src/pwm3.c"
  1023 ;; Parameters:    Size  Location     Type
  1024 ;;  dutyValue       2    0[COMRAM] unsigned short 
  1025 ;; Auto vars:     Size  Location     Type
  1026 ;;		None
  1027 ;; Return value:  Size  Location     Type
  1028 ;;                  1    wreg      void 
  1029 ;; Registers used:
  1030 ;;		wreg, status,2, status,0
  1031 ;; Tracked objects:
  1032 ;;		On entry : 0/0
  1033 ;;		On exit  : 0/0
  1034 ;;		Unchanged: 0/0
  1035 ;; Data sizes:     COMRAM   BANK0   BANK1   BANK2   BANK3   BANK4   BANK5   BANK6   BANK7   BANK8   BANK9  BANK10  BANK1
      +1  BANK12  BANK14
  1036 ;;      Params:         2       0       0       0       0       0       0       0       0       0       0       0       
      +0       0       0
  1037 ;;      Locals:         0       0       0       0       0       0       0       0       0       0       0       0       
      +0       0       0
  1038 ;;      Temps:          2       0       0       0       0       0       0       0       0       0       0       0       
      +0       0       0
  1039 ;;      Totals:         4       0       0       0       0       0       0       0       0       0       0       0       
      +0       0       0
  1040 ;;Total ram usage:        4 bytes
  1041 ;; Hardware stack levels used: 1
  1042 ;; This function calls:
  1043 ;;		Nothing
  1044 ;; This function is called by:
  1045 ;;		_main
  1046 ;; This function uses a non-reentrant model
  1047 ;;
  1048                           
  1049                           	psect	text11
  1050   001000                     __ptext11:
  1051                           	callstack 0
  1052   001000                     _PWM3_LoadDutyValue:
  1053                           	callstack 30
  1054   001000                     
  1055                           ;mcc_generated_files/pwm/src/pwm3.c: 63:  void PWM3_LoadDutyValue(uint16_t dutyValue);mc
      +                          c_generated_files/pwm/src/pwm3.c: 64:  {;mcc_generated_files/pwm/src/pwm3.c: 66:      PW
      +                          M3DCH = (uint8_t) ((dutyValue & 0x03FCu) >> 2);
  1056   001000  C00D  F00F         	movff	PWM3_LoadDutyValue@dutyValue,??_PWM3_LoadDutyValue
  1057   001004  C00E  F010         	movff	PWM3_LoadDutyValue@dutyValue+1,??_PWM3_LoadDutyValue+1
  1058   001008  90D8               	bcf	status,0,c
  1059   00100A  3210               	rrcf	(??_PWM3_LoadDutyValue+1)^0,f,c
  1060   00100C  320F               	rrcf	??_PWM3_LoadDutyValue^0,f,c
  1061   00100E  90D8               	bcf	status,0,c
  1062   001010  3210               	rrcf	(??_PWM3_LoadDutyValue+1)^0,f,c
  1063   001012  320F               	rrcf	??_PWM3_LoadDutyValue^0,f,c
  1064   001014  500F               	movf	??_PWM3_LoadDutyValue^0,w,c
  1065   001016  6EA3               	movwf	163,c	;volatile
  1066                           
  1067                           ;mcc_generated_files/pwm/src/pwm3.c: 69:      PWM3DCL = (uint8_t) ((dutyValue & 0x0003u)
      +                           << 6);
  1068   001018  C00D  F00F         	movff	PWM3_LoadDutyValue@dutyValue,??_PWM3_LoadDutyValue
  1069   00101C  0E03               	movlw	3
  1070   00101E  160F               	andwf	??_PWM3_LoadDutyValue^0,f,c
  1071   001020  0E06               	movlw	6
  1072   001022  6E10               	movwf	(??_PWM3_LoadDutyValue+1)^0,c
  1073   001024                     u115:
  1074   001024  90D8               	bcf	status,0,c
  1075   001026  360F               	rlcf	??_PWM3_LoadDutyValue^0,f,c
  1076   001028  2E10               	decfsz	(??_PWM3_LoadDutyValue+1)^0,f,c
  1077   00102A  EF12  F008         	goto	u115
  1078   00102E  500F               	movf	??_PWM3_LoadDutyValue^0,w,c
  1079   001030  6EA2               	movwf	162,c	;volatile
  1080   001032  0012               	return		;funcret
  1081   001034                     __end_of_PWM3_LoadDutyValue:
  1082                           	callstack 0
  1083                           
  1084                           	psect	smallconst
  1085   000F00                     __psmallconst:
  1086                           	callstack 0
  1087   000F00  00                 	db	0
  1088   000F01  00                 	db	0	; dummy byte at the end
  1089   000000                     
  1090                           	psect	rparam
  1091   000000                     
  1092                           	psect	config
  1093                           
  1094                           ;Config register CONFIG1L @ 0x300000
  1095                           ;	External Oscillator mode Selection bits
  1096                           ;	FEXTOSC = OFF, Oscillator not enabled
  1097                           ;	Power-up default value for COSC bits
  1098                           ;	RSTOSC = LFINTOSC, Low-Frequency Oscillator
  1099   300000                     	org	3145728
  1100   300000  DC                 	db	220
  1101                           
  1102                           ;Config register CONFIG1H @ 0x300001
  1103                           ;	Clock Out Enable bit
  1104                           ;	CLKOUTEN = OFF, CLKOUT function is disabled
  1105                           ;	Clock Switch Enable bit
  1106                           ;	CSWEN = ON, Writing to NOSC and NDIV is allowed
  1107                           ;	Fail-Safe Clock Monitor Enable bit
  1108                           ;	FCMEN = OFF, Fail-Safe Clock Monitor disabled
  1109   300001                     	org	3145729
  1110   300001  DF                 	db	223
  1111                           
  1112                           ;Config register CONFIG2L @ 0x300002
  1113                           ;	Master Clear Enable bit
  1114                           ;	MCLRE = EXTMCLR, MCLR pin (RE3) is MCLR
  1115                           ;	Power-up Timer Enable bit
  1116                           ;	PWRTE = OFF, Power up timer disabled
  1117                           ;	Low-power BOR enable bit
  1118                           ;	LPBOREN = OFF, Low power BOR is disabled
  1119                           ;	Brown-out Reset Enable bits
  1120                           ;	BOREN = SBORDIS, Brown-out Reset enabled , SBOREN bit is ignored
  1121   300002                     	org	3145730
  1122   300002  FF                 	db	255
  1123                           
  1124                           ;Config register CONFIG2H @ 0x300003
  1125                           ;	Brown Out Reset Voltage selection bits
  1126                           ;	BORV = VBOR_190, Brown-out Reset Voltage (VBOR) set to 1.90V
  1127                           ;	ZCD Disable bit
  1128                           ;	ZCD = OFF, ZCD disabled. ZCD can be enabled by setting the ZCDSEN bit of ZCDCON
  1129                           ;	PPSLOCK bit One-Way Set Enable bit
  1130                           ;	PPS1WAY = ON, PPSLOCK bit can be cleared and set only once; PPS registers remain locke
      +                          d after one clear/set cycle
  1131                           ;	Stack Full/Underflow Reset Enable bit
  1132                           ;	STVREN = ON, Stack full/underflow will cause Reset
  1133                           ;	Extended Instruction Set Enable bit
  1134                           ;	XINST = OFF, Extended Instruction Set and Indexed Addressing Mode disabled
  1135   300003                     	org	3145731
  1136   300003  FF                 	db	255
  1137                           
  1138                           ;Config register CONFIG3L @ 0x300004
  1139                           ;	WDT Period Select bits
  1140                           ;	WDTCPS = WDTCPS_31, Divider ratio 1:65536; software control of WDTPS
  1141                           ;	WDT operating mode
  1142                           ;	WDTE = OFF, WDT Disabled
  1143   300004                     	org	3145732
  1144   300004  9F                 	db	159
  1145                           
  1146                           ;Config register CONFIG3H @ 0x300005
  1147                           ;	WDT Window Select bits
  1148                           ;	WDTCWS = WDTCWS_7, window always open (100%); software control; keyed access not requi
      +                          red
  1149                           ;	WDT input clock selector
  1150                           ;	WDTCCS = SC, Software Control
  1151   300005                     	org	3145733
  1152   300005  FF                 	db	255
  1153                           
  1154                           ;Config register CONFIG4L @ 0x300006
  1155                           ;	Write Protection Block 0
  1156                           ;	WRT0 = OFF, Block 0 (000800-003FFFh) not write-protected
  1157                           ;	Write Protection Block 1
  1158                           ;	WRT1 = OFF, Block 1 (004000-007FFFh) not write-protected
  1159                           ;	Write Protection Block 2
  1160                           ;	WRT2 = OFF, Block 2 (008000-00BFFFh) not write-protected
  1161                           ;	Write Protection Block 3
  1162                           ;	WRT3 = OFF, Block 3 (00C000-00FFFFh) not write-protected
  1163                           ;	Write Protection Block 4
  1164                           ;	WRT4 = OFF, Block 4 (010000-013FFFh) not write-protected
  1165                           ;	Write Protection Block 5
  1166                           ;	WRT5 = OFF, Block 5 (014000-017FFFh) not write-protected
  1167                           ;	Write Protection Block 6
  1168                           ;	WRT6 = OFF, Block 6 (018000-01BFFFh) not write-protected
  1169                           ;	Write Protection Block 7
  1170                           ;	WRT7 = OFF, Block 7 (01C000-01FFFFh) not write-protected
  1171   300006                     	org	3145734
  1172   300006  FF                 	db	255
  1173                           
  1174                           ;Config register CONFIG4H @ 0x300007
  1175                           ;	Configuration Register Write Protection bit
  1176                           ;	WRTC = OFF, Configuration registers (300000-30000Bh) not write-protected
  1177                           ;	Boot Block Write Protection bit
  1178                           ;	WRTB = OFF, Boot Block (000000-0007FFh) not write-protected
  1179                           ;	Data EEPROM Write Protection bit
  1180                           ;	WRTD = OFF, Data EEPROM not write-protected
  1181                           ;	Scanner Enable bit
  1182                           ;	SCANE = ON, Scanner module is available for use, SCANMD bit can control the module
  1183                           ;	Low Voltage Programming Enable bit
  1184                           ;	LVP = ON, Low voltage programming enabled. MCLR/VPP pin function is MCLR. MCLRE config
      +                          uration bit is ignored
  1185   300007                     	org	3145735
  1186   300007  FF                 	db	255
  1187                           
  1188                           ;Config register CONFIG5L @ 0x300008
  1189                           ;	UserNVM Program Memory Code Protection bit
  1190                           ;	CP = OFF, UserNVM code protection disabled
  1191                           ;	DataNVM Memory Code Protection bit
  1192                           ;	CPD = OFF, DataNVM code protection disabled
  1193   300008                     	org	3145736
  1194   300008  FF                 	db	255
  1195                           
  1196                           ;Config register CONFIG5H @ 0x300009
  1197                           ;	unspecified, using default values
  1198   300009                     	org	3145737
  1199   300009  FF                 	db	255
  1200                           
  1201                           ;Config register CONFIG6L @ 0x30000A
  1202                           ;	Table Read Protection Block 0
  1203                           ;	EBTR0 = OFF, Block 0 (000800-003FFFh) not protected from table reads executed in other
      +                           blocks
  1204                           ;	Table Read Protection Block 1
  1205                           ;	EBTR1 = OFF, Block 1 (004000-007FFFh) not protected from table reads executed in other
      +                           blocks
  1206                           ;	Table Read Protection Block 2
  1207                           ;	EBTR2 = OFF, Block 2 (008000-00BFFFh) not protected from table reads executed in other
      +                           blocks
  1208                           ;	Table Read Protection Block 3
  1209                           ;	EBTR3 = OFF, Block 3 (00C000-00FFFFh) not protected from table reads executed in other
      +                           blocks
  1210                           ;	Table Read Protection Block 4
  1211                           ;	EBTR4 = OFF, Block 4 (010000-013FFFh) not protected from table reads executed in other
      +                           blocks
  1212                           ;	Table Read Protection Block 5
  1213                           ;	EBTR5 = OFF, Block 5 (014000-017FFFh) not protected from table reads executed in other
      +                           blocks
  1214                           ;	Table Read Protection Block 6
  1215                           ;	EBTR6 = OFF, Block 6 (018000-01BFFFh) not protected from table reads executed in other
      +                           blocks
  1216                           ;	Table Read Protection Block 7
  1217                           ;	EBTR7 = OFF, Block 7 (01C000-01FFFFh) not protected from table reads executed in other
      +                           blocks
  1218   30000A                     	org	3145738
  1219   30000A  FF                 	db	255
  1220                           
  1221                           ;Config register CONFIG6H @ 0x30000B
  1222                           ;	Boot Block Table Read Protection bit
  1223                           ;	EBTRB = OFF, Boot Block (000000-0007FFh) not protected from table reads executed in ot
      +                          her blocks
  1224   30000B                     	org	3145739
  1225   30000B  FF                 	db	255
  1226                           tosu	equ	0xFFF
  1227                           tosh	equ	0xFFE
  1228                           tosl	equ	0xFFD
  1229                           stkptr	equ	0xFFC
  1230                           pclatu	equ	0xFFB
  1231                           pclath	equ	0xFFA
  1232                           pcl	equ	0xFF9
  1233                           tblptru	equ	0xFF8
  1234                           tblptrh	equ	0xFF7
  1235                           tblptrl	equ	0xFF6
  1236                           tablat	equ	0xFF5
  1237                           prodh	equ	0xFF4
  1238                           prodl	equ	0xFF3
  1239                           indf0	equ	0xFEF
  1240                           postinc0	equ	0xFEE
  1241                           postdec0	equ	0xFED
  1242                           preinc0	equ	0xFEC
  1243                           plusw0	equ	0xFEB
  1244                           fsr0h	equ	0xFEA
  1245                           fsr0l	equ	0xFE9
  1246                           wreg	equ	0xFE8
  1247                           indf1	equ	0xFE7
  1248                           postinc1	equ	0xFE6
  1249                           postdec1	equ	0xFE5
  1250                           preinc1	equ	0xFE4
  1251                           plusw1	equ	0xFE3
  1252                           fsr1h	equ	0xFE2
  1253                           fsr1l	equ	0xFE1
  1254                           bsr	equ	0xFE0
  1255                           indf2	equ	0xFDF
  1256                           postinc2	equ	0xFDE
  1257                           postdec2	equ	0xFDD
  1258                           preinc2	equ	0xFDC
  1259                           plusw2	equ	0xFDB
  1260                           fsr2h	equ	0xFDA
  1261                           fsr2l	equ	0xFD9
  1262                           status	equ	0xFD8

Data Sizes:
    Strings     0
    Constant    0
    Data        0
    BSS         0
    Persistent  12
    Stack       0

Auto Spaces:
    Space          Size  Autos    Used
    COMRAM           95      4      16
    BANK0           160      0       0
    BANK1           256      0       0
    BANK2           256      0       0
    BANK3           256      0       0
    BANK4           256      0       0
    BANK5           256      0       0
    BANK6           256      0       0
    BANK7           256      0       0
    BANK8           256      0       0
    BANK9           256      0       0
    BANK10          256      0       0
    BANK11          256      0       0
    BANK12          256      0       0
    BANK14           31      0       0

Pointer List with Targets:

    INT0_InterruptHandler	PTR FTN()void  size(3) Largest target is 1
		 -> INT0_DefaultInterruptHandler(), NULL(), 

    INT0_SetInterruptHandler@InterruptHandler	PTR FTN()void  size(3) Largest target is 1
		 -> INT0_DefaultInterruptHandler(), 

    INT1_InterruptHandler	PTR FTN()void  size(3) Largest target is 1
		 -> INT1_DefaultInterruptHandler(), NULL(), 

    INT1_SetInterruptHandler@InterruptHandler	PTR FTN()void  size(3) Largest target is 1
		 -> INT1_DefaultInterruptHandler(), 

    INT2_InterruptHandler	PTR FTN()void  size(3) Largest target is 1
		 -> INT2_DefaultInterruptHandler(), NULL(), 

    INT2_SetInterruptHandler@InterruptHandler	PTR FTN()void  size(3) Largest target is 1
		 -> INT2_DefaultInterruptHandler(), 

    TMR2_PeriodMatchCallback	PTR FTN()void  size(3) Largest target is 1
		 -> TMR2_DefaultPeriodMatchCallback(), NULL(), 


Critical Paths under _main in COMRAM

    _main->_PWM3_LoadDutyValue
    _INTERRUPT_Initialize->_INT0_SetInterruptHandler
    _INTERRUPT_Initialize->_INT1_SetInterruptHandler
    _INTERRUPT_Initialize->_INT2_SetInterruptHandler

Critical Paths under _main in BANK0

    None.

Critical Paths under _main in BANK1

    None.

Critical Paths under _main in BANK2

    None.

Critical Paths under _main in BANK3

    None.

Critical Paths under _main in BANK4

    None.

Critical Paths under _main in BANK5

    None.

Critical Paths under _main in BANK6

    None.

Critical Paths under _main in BANK7

    None.

Critical Paths under _main in BANK8

    None.

Critical Paths under _main in BANK9

    None.

Critical Paths under _main in BANK10

    None.

Critical Paths under _main in BANK11

    None.

Critical Paths under _main in BANK12

    None.

Critical Paths under _main in BANK14

    None.

Call Graph Tables:

 ---------------------------------------------------------------------------------
 (Depth) Function   	        Calls       Base Space   Used Autos Params    Refs
 ---------------------------------------------------------------------------------
 (0) _main                                                 0     0      0     414
                 _PWM3_LoadDutyValue
                  _SYSTEM_Initialize
                         _TMR2_Start
 ---------------------------------------------------------------------------------
 (1) _TMR2_Start                                           0     0      0       0
 ---------------------------------------------------------------------------------
 (1) _SYSTEM_Initialize                                    0     0      0     294
                   _CLOCK_Initialize
               _INTERRUPT_Initialize
             _PIN_MANAGER_Initialize
                    _PWM3_Initialize
                    _TMR2_Initialize
 ---------------------------------------------------------------------------------
 (2) _TMR2_Initialize                                      0     0      0       0
 ---------------------------------------------------------------------------------
 (2) _PWM3_Initialize                                      0     0      0       0
 ---------------------------------------------------------------------------------
 (2) _PIN_MANAGER_Initialize                               0     0      0       0
 ---------------------------------------------------------------------------------
 (2) _INTERRUPT_Initialize                                 0     0      0     294
           _INT0_SetInterruptHandler
           _INT1_SetInterruptHandler
           _INT2_SetInterruptHandler
 ---------------------------------------------------------------------------------
 (3) _INT2_SetInterruptHandler                             3     0      3      98
                                              0 COMRAM     3     0      3
 ---------------------------------------------------------------------------------
 (3) _INT1_SetInterruptHandler                             3     0      3      98
                                              0 COMRAM     3     0      3
 ---------------------------------------------------------------------------------
 (3) _INT0_SetInterruptHandler                             3     0      3      98
                                              0 COMRAM     3     0      3
 ---------------------------------------------------------------------------------
 (2) _CLOCK_Initialize                                     0     0      0       0
 ---------------------------------------------------------------------------------
 (1) _PWM3_LoadDutyValue                                   4     2      2     120
                                              0 COMRAM     4     2      2
 ---------------------------------------------------------------------------------
 Estimated maximum stack depth 3
 ---------------------------------------------------------------------------------

 Call Graph Graphs:

 _main (ROOT)
   _PWM3_LoadDutyValue
   _SYSTEM_Initialize
     _CLOCK_Initialize
     _INTERRUPT_Initialize
       _INT0_SetInterruptHandler
       _INT1_SetInterruptHandler
       _INT2_SetInterruptHandler
     _PIN_MANAGER_Initialize
     _PWM3_Initialize
     _TMR2_Initialize
   _TMR2_Start

 Address spaces:
Name               Size   Autos  Total    Cost      Usage
BITCOMRAM           5F      0       0       0        0.0%
EEDATA             400      0       0       0        0.0%
NULL                 0      0       0       0        0.0%
CODE                 0      0       0       0        0.0%
COMRAM              5F      4      10       1       16.8%
STACK                0      0       0       2        0.0%
DATA                 0      0      10       3        0.0%
BITBANK0            A0      0       0       4        0.0%
BANK0               A0      0       0       5        0.0%
BITBANK1           100      0       0       6        0.0%
BANK1              100      0       0       7        0.0%
BITBANK2           100      0       0       8        0.0%
BANK2              100      0       0       9        0.0%
BITBANK3           100      0       0      10        0.0%
BANK3              100      0       0      11        0.0%
BITBANK4           100      0       0      12        0.0%
BANK4              100      0       0      13        0.0%
BITBANK5           100      0       0      14        0.0%
BANK5              100      0       0      15        0.0%
BITBANK6           100      0       0      16        0.0%
BANK6              100      0       0      17        0.0%
BITBANK7           100      0       0      18        0.0%
BANK7              100      0       0      19        0.0%
BITBANK8           100      0       0      20        0.0%
BANK8              100      0       0      21        0.0%
BITBANK9           100      0       0      22        0.0%
BANK9              100      0       0      23        0.0%
BITBANK10          100      0       0      24        0.0%
BANK10             100      0       0      25        0.0%
BITBANK11          100      0       0      26        0.0%
BANK11             100      0       0      27        0.0%
BITBANK12          100      0       0      28        0.0%
BANK12             100      0       0      29        0.0%
BITBANK14           1F      0       0      30        0.0%
BANK14              1F      0       0      31        0.0%
BITBIGSFR_1hh        D      0       0      32        0.0%
BITBIGSFR_1hlhh     32      0       0      33        0.0%
BITBIGSFR_1hlhh      C      0       0      34        0.0%
BITBIGSFR_1hlhl      8      0       0      35        0.0%
BITBIGSFR_1hll      16      0       0      36        0.0%
BITBIGSFR_1lhhh     58      0       0      37        0.0%
BITBIGSFR_1llh      1B      0       0      38        0.0%
BITBIGSFR_1lllh      C      0       0      39        0.0%
BITBIGSFR_1lllh      1      0       0      40        0.0%
BITBIGSFR_1lllh      1      0       0      41        0.0%
BITBIGSFR_1lllh      9      0       0      42        0.0%
BITBIGSFR_1lllh      3      0       0      43        0.0%
BITBIGSFR_1llll      3      0       0      44        0.0%
BITBIGSFR_1llll     A2      0       0      45        0.0%
ABS                  0      0      10      46        0.0%
BIGRAM_1            1F      0       0      47        0.0%
BITBIGSFR          100      0       0      48        0.0%
BIGRAM             CFF      0       0      49        0.0%
BIGSFR_1             0      0       0     200        0.0%
BIGSFR               0      0       0     200        0.0%
BITSFR_3             0      0       0     200        0.0%
SFR_3                0      0       0     200        0.0%
BITSFR_2             0      0       0     200        0.0%
SFR_2                0      0       0     200        0.0%
BITSFR_1             0      0       0     200        0.0%
SFR_1                0      0       0     200        0.0%
BITSFR               0      0       0     200        0.0%
SFR                  0      0       0     200        0.0%


Microchip Technology PIC18 Macro Assembler V2.46 build 20240104201356 
Symbol Table                                                                                   Thu Apr 24 13:18:01 2025

                                      l13 10A4                                       l202 10BA  
                                     l205 1032                                       l118 0FB8  
                                     l152 0FFE                                       l240 10EE  
                                     l162 10E4                                       l234 105A  
                                     l308 108E                                       l175 10D6  
                                     l188 10C8                                       l292 1070  
                                     l293 1070                                       l990 1078  
                                     l992 0F02                                       l994 0F30  
                                     l996 0F32                                       l998 0F34  
                                     u115 1024                ??_INT0_SetInterruptHandler 0010  
                         _TMR2_Initialize 1034                                      l1000 0F3E  
                                    l1010 0F60                                      l1002 0F40  
                                    l1020 0F6E                                      l1012 0F62  
                                    l1004 0F42                                      l1014 0F68  
                                    l1006 0F5C                                      l1030 1056  
                                    l1022 1034                                      l1016 0F6A  
                                    l1008 0F5E                                      l1032 10A6  
                                    l1024 1040                                      l1130 10CA  
                                    l1018 0F6C                                      l1026 1046  
                                    l1132 10BC                                      l1140 0FD6  
                                    l1028 1052                                      l1142 0FE8  
                                    l1134 0FBA                                      l1150 109C  
                                    l1054 10EC                                      l1152 1000  
                                    l1128 10D8                                      l1144 0FEC  
                                    l1136 0FC2                                      l1138 0FD2  
                                    l1146 1090                                      l1154 105C  
                                    l1148 1098                                      l1156 1060  
                                    l1158 1064                                      _LATA 0F82  
                                    _LATB 0F83                                      _LATC 0F84  
                                    _LATD 0F85                                      _LATE 0F86  
                                    _T2PR 0FBB                                      _WPUA 0F0B  
                                    _WPUB 0F13                                      _WPUC 0F1B  
                                    _WPUD 0F20                                      _WPUE 0F28  
                                    _main 105C                 ?_INT2_SetInterruptHandler 000D  
                                    start 0000                              ___param_bank 0000  
                                   ?_main 000D                                     _T2CON 0FBC  
                                   _T2HLT 0FBD                                     _IOCAF 0F05  
                                   _IOCBF 0F0D                                     _IOCCF 0F15  
                                   _IOCAN 0F06                                     _IOCEF 0F22  
                                   _IOCAP 0F07                                     _IOCBN 0F0E  
                                   _IOCBP 0F0F                                     _IOCCN 0F16  
                                   _IOCCP 0F17                                     _IOCEN 0F23  
                                   _IOCEP 0F24                                     _T2TMR 0FBA  
                                   _T2RST 0FBF                                     _OSCEN 0ED7  
                                   _TRISA 0F87                                     _TRISB 0F88  
                                   _TRISC 0F89                                     _TRISD 0F8A  
                                   _TRISE 0F8B                               ?_TMR2_Start 000D  
                _INT1_SetInterruptHandler 10CA                   __end_of_PWM3_Initialize 10BC  
                                   status 0FD8                           __initialization 10E6  
                            __end_of_main 1078                   __end_of_TMR2_Initialize 105C  
                                  ??_main 0011                             __activetblptr 0003  
                                  _ANSELA 0F0C                                    _ANSELB 0F14  
                                  _ANSELC 0F1C                                    _ANSELD 0F21  
                                  _ANSELE 0F29                                    _RA4PPS 0EE6  
                                  _RA5PPS 0EE7                                    _RA6PPS 0EE8  
                                  _RA7PPS 0EE9                                    _ODCONA 0F0A  
                                  _ODCONB 0F12                                    _ODCONC 0F1A  
                                  _ODCOND 0F1F                                    _ODCONE 0F27  
                                  _INLVLA 0F08                                    _INLVLB 0F10  
                                  _INLVLC 0F18                                    _INLVLD 0F1D  
                                  _INLVLE 0F25                                    _OSCFRQ 0ED9  
                                  isa$std 0001                         ?_CLOCK_Initialize 000D  
            _INT2_DefaultInterruptHandler 0000                        ??_CLOCK_Initialize 000D  
                            __mediumconst 0000  INT2_SetInterruptHandler@InterruptHandler 000D  
INT1_SetInterruptHandler@InterruptHandler 000D  INT0_SetInterruptHandler@InterruptHandler 000D  
                        ?_PWM3_Initialize 000D                         _SYSTEM_Initialize 1090  
                              __accesstop 0060                   __end_of__initialization 10E6  
                      ?_SYSTEM_Initialize 000D                             ___rparam_used 0001  
                          __pcstackCOMRAM 000D                       ??_SYSTEM_Initialize 0010  
                        ?_TMR2_Initialize 000D          __end_of_INT2_SetInterruptHandler 10CA  
               __end_of_SYSTEM_Initialize 10A6                     _INT0_InterruptHandler 000A  
                              __pnvCOMRAM 0001                ??_INT1_SetInterruptHandler 0010  
                                 _OSCCON1 0ED3                                   _OSCCON3 0ED5  
                                 _OSCTUNE 0ED8                                   _PWM3DCH 0FA3  
                                 _PWM3DCL 0FA2                                   _PWM3CON 0FA4  
                                 _SLRCONA 0F09                                   _SLRCONB 0F11  
                                 _SLRCONC 0F19                                   _SLRCOND 0F1E  
                                 _SLRCONE 0F26                              ??_TMR2_Start 000D  
               ?_INT0_SetInterruptHandler 000D                                   __Hparam 0000  
                                 __Lparam 0000                              __psmallconst 0F00  
                      __end_of_TMR2_Start 10F0                                   __pcinit 10E6  
                                 __ramtop 0F00                                   __ptext0 105C  
                                 __ptext1 10EC                                   __ptext2 1090  
                                 __ptext3 1034                                   __ptext4 10A6  
                                 __ptext5 0F02                                   __ptext6 0FBA  
                                 __ptext7 10BC                                   __ptext8 10CA  
                                 __ptext9 10D8                                 _T2CONbits 0FBC  
                ??_PIN_MANAGER_Initialize 000D                                 _T2HLTbits 0FBD  
                    end_of_initialization 10E6                                 _T2RSTbits 0FBF  
                _INT2_SetInterruptHandler 10BC                     _INT1_InterruptHandler 0007  
              __end_of_PWM3_LoadDutyValue 1034           _TMR2_DefaultPeriodMatchCallback 0000  
            __end_of_INTERRUPT_Initialize 1000              _INT0_DefaultInterruptHandler 0000  
                     start_initialization 10E6                               _CCPTMRSbits 0FAD  
        __end_of_INT0_SetInterruptHandler 10E6                     _INT2_InterruptHandler 0004  
                  _PIN_MANAGER_Initialize 0F02                               __smallconst 0F00  
              ??_INT2_SetInterruptHandler 0010                                  _T2CLKCON 0FBE  
                    _INTERRUPT_Initialize 0FBA                          _CLOCK_Initialize 1078  
               ?_INT1_SetInterruptHandler 000D                                  _PIE4bits 0EC1  
                                _PIR0bits 0EC5                                  _PIR4bits 0EC9  
                       ??_PWM3_Initialize 000D                     ?_INTERRUPT_Initialize 000D  
                _INT0_SetInterruptHandler 10D8                         ??_TMR2_Initialize 000D  
                                __Hrparam 0000                                  __Lrparam 0000  
                      _PWM3_LoadDutyValue 1000                                  __ptext10 1078  
                                __ptext11 1000                       ?_PWM3_LoadDutyValue 000D  
                    ??_PWM3_LoadDutyValue 000F                                  isa$xinst 0000  
            _INT1_DefaultInterruptHandler 0000                                _INTCONbits 0FF2  
                  ??_INTERRUPT_Initialize 0010                   ?_PIN_MANAGER_Initialize 000D  
             PWM3_LoadDutyValue@dutyValue 000D                  __end_of_CLOCK_Initialize 1090  
        __end_of_INT1_SetInterruptHandler 10D8                                _TMR2_Start 10EC  
          __end_of_PIN_MANAGER_Initialize 0FBA                           _PWM3_Initialize 10A6  
                _TMR2_PeriodMatchCallback 0001  
