

Microchip MPLAB XC8 Assembler V2.46 build 20240104201356 
                                                                                               Thu Apr 24 12:18:40 2025

Microchip MPLAB XC8 C Compiler v2.46 (Free license) build 20240104201356 Og1 
     1                           	processor	18F47Q10
     2                           	fnconf	rparam,??,?,0
     3                           	pagewidth 120
     4                           	opt	flic
     5                           	psect	nvCOMRAM,global,class=COMRAM,space=1,delta=1,lowdata,noexec
     6                           	psect	cinit,global,reloc=2,class=CODE,delta=1
     7                           	psect	bssCOMRAM,global,class=COMRAM,space=1,delta=1,lowdata,noexec
     8                           	psect	cstackCOMRAM,global,class=COMRAM,space=1,delta=1,lowdata,noexec
     9                           	psect	text0,global,reloc=2,class=CODE,delta=1
    10                           	psect	text1,global,reloc=2,class=CODE,delta=1
    11                           	psect	text2,global,reloc=2,class=CODE,delta=1
    12                           	psect	text3,global,reloc=2,class=CODE,delta=1
    13                           	psect	text4,global,reloc=2,class=CODE,delta=1
    14                           	psect	smallconst,global,reloc=2,class=SMALLCONST,delta=1,noexec
    15                           	psect	intsave_regs,global,class=BIGRAM,space=1,delta=1,noexec
    16                           	psect	rparam,global,class=COMRAM,space=1,delta=1,noexec
    17                           	psect	config,global,abs,ovrld,class=CONFIG,space=4,delta=1,noexec
    18   000000                     
    19                           ; Generated 18/12/2023 GMT
    20                           ; 
    21                           ; Copyright © 2023, Microchip Technology Inc. and its subsidiaries ("Microchip")
    22                           ; All rights reserved.
    23                           ; 
    24                           ; This software is developed by Microchip Technology Inc. and its subsidiaries ("Microch
      +                          ip").
    25                           ; 
    26                           ; Redistribution and use in source and binary forms, with or without modification, are
    27                           ; permitted provided that the following conditions are met:
    28                           ; 
    29                           ;     1. Redistributions of source code must retain the above copyright notice, this lis
      +                          t of
    30                           ;        conditions and the following disclaimer.
    31                           ; 
    32                           ;     2. Redistributions in binary form must reproduce the above copyright notice, this 
      +                          list
    33                           ;        of conditions and the following disclaimer in the documentation and/or other
    34                           ;        materials provided with the distribution. Publication is not required when
    35                           ;        this file is used in an embedded application.
    36                           ; 
    37                           ;     3. Microchip's name may not be used to endorse or promote products derived from th
      +                          is
    38                           ;        software without specific prior written permission.
    39                           ; 
    40                           ; THIS SOFTWARE IS PROVIDED BY MICROCHIP "AS IS" AND ANY EXPRESS OR IMPLIED WARRANTIES,
    41                           ; INCLUDING, BUT NOT LIMITED TO, THE IMPLIED WARRANTIES OF MERCHANTABILITY AND FITNESS F
      +                          OR
    42                           ; PURPOSE ARE DISCLAIMED.  IN NO EVENT SHALL MICROCHIP BE LIABLE FOR ANY DIRECT, INDIREC
      +                          T,
    43                           ; INCIDENTAL, SPECIAL, EXEMPLARY, OR CONSEQUENTIAL DAMAGES (INCLUDING BUT NOT LIMITED TO
    44                           ; PROCUREMENT OF SUBSTITUTE GOODS OR SERVICES; LOSS OF USE, DATA OR PROFITS; OR BUSINESS
    45                           ; INTERRUPTION) HOWSOEVER CAUSED AND ON ANY THEORY OF LIABILITY, WHETHER IN CONTRACT, ST
      +                          RICT
    46                           ; LIABILITY, OR TORT (INCLUDING NEGLIGENCE OR OTHERWISE) ARISING IN ANY WAY OUT OF THE U
      +                          SE OF
    47                           ; THIS SOFTWARE, EVEN IF ADVISED OF THE POSSIBILITY OF SUCH DAMAGE.
    48                           ; 
    49                           ; 
    50                           ; Code-generator required, PIC18F47Q10 Definitions
    51                           ; 
    52                           ; SFR Addresses
    53   000000                     
    54 ;; Function _TMR2_DefaultPeriodMatchCallback is unused but had its address taken
    55   000000                     
    56 ;; Function _INT0_DefaultInterruptHandler is unused but had its address taken
    57   000000                     
    58 ;; Function _INT1_DefaultInterruptHandler is unused but had its address taken
    59   000000                     
    60 ;; Function _INT2_DefaultInterruptHandler is unused but had its address taken
    61   000000                     _T2CON	set	4028
    62   000000                     _IOCEF	set	3874
    63   000000                     _IOCEN	set	3875
    64   000000                     _IOCEP	set	3876
    65   000000                     _IOCCF	set	3861
    66   000000                     _IOCCN	set	3862
    67   000000                     _IOCCP	set	3863
    68   000000                     _IOCBF	set	3853
    69   000000                     _IOCBN	set	3854
    70   000000                     _IOCBP	set	3855
    71   000000                     _INLVLE	set	3877
    72   000000                     _INLVLD	set	3869
    73   000000                     _INLVLC	set	3864
    74   000000                     _INLVLB	set	3856
    75   000000                     _SLRCONE	set	3878
    76   000000                     _SLRCOND	set	3870
    77   000000                     _SLRCONC	set	3865
    78   000000                     _SLRCONB	set	3857
    79   000000                     _WPUE	set	3880
    80   000000                     _WPUD	set	3872
    81   000000                     _WPUC	set	3867
    82   000000                     _WPUB	set	3859
    83   000000                     _WPUA	set	3851
    84   000000                     _ANSELE	set	3881
    85   000000                     _ANSELD	set	3873
    86   000000                     _ANSELC	set	3868
    87   000000                     _ANSELB	set	3860
    88   000000                     _ANSELA	set	3852
    89   000000                     _ODCONE	set	3879
    90   000000                     _ODCOND	set	3871
    91   000000                     _ODCONC	set	3866
    92   000000                     _ODCONB	set	3858
    93   000000                     _OSCTUNE	set	3800
    94   000000                     _OSCFRQ	set	3801
    95                           
    96                           	psect	nvCOMRAM
    97   00000E                     __pnvCOMRAM:
    98                           	callstack 0
    99   00000E                     _TMR2_PeriodMatchCallback:
   100                           	callstack 0
   101   00000E                     	ds	3
   102   000000                     _T2RSTbits	set	4031
   103   000000                     _T2HLTbits	set	4029
   104   000000                     _T2CONbits	set	4028
   105   000000                     _PIE4bits	set	3777
   106   000000                     _PIR4bits	set	3785
   107   000000                     _OSCCON1	set	3795
   108   000000                     _PWM3DCL	set	4002
   109   000000                     _PWM3DCH	set	4003
   110   000000                     _PWM3CON	set	4004
   111   000000                     _CCPTMRSbits	set	4013
   112   000000                     _T2TMR	set	4026
   113   000000                     _T2PR	set	4027
   114   000000                     _T2HLT	set	4029
   115   000000                     _T2CLKCON	set	4030
   116   000000                     _OSCCON3	set	3797
   117   000000                     _OSCEN	set	3799
   118   000000                     _RA4PPS	set	3814
   119   000000                     _INLVLA	set	3848
   120   000000                     _SLRCONA	set	3849
   121   000000                     _ODCONA	set	3850
   122   000000                     _LATA	set	3970
   123   000000                     _TRISE	set	3979
   124   000000                     _TRISD	set	3978
   125   000000                     _TRISC	set	3977
   126   000000                     _TRISB	set	3976
   127   000000                     _TRISA	set	3975
   128   000000                     _LATE	set	3974
   129   000000                     _LATD	set	3973
   130   000000                     _LATC	set	3972
   131   000000                     _LATB	set	3971
   132   000000                     _IOCAF	set	3845
   133   000000                     _IOCAN	set	3846
   134   000000                     _IOCAP	set	3847
   135   000000                     _INTCONbits	set	4082
   136   000000                     _T2RST	set	4031
   137   000000                     _PIR0bits	set	3781
   138                           
   139                           ; #config settings
   140                           
   141                           	psect	cinit
   142   000F94                     __pcinit:
   143                           	callstack 0
   144   000F94                     start_initialization:
   145                           	callstack 0
   146   000F94                     __initialization:
   147                           	callstack 0
   148                           
   149                           ; Clear objects allocated to COMRAM (9 bytes)
   150   000F94  EE00  F001         	lfsr	0,__pbssCOMRAM
   151   000F98  0E09               	movlw	9
   152   000F9A                     clear_0:
   153   000F9A  6AEE               	clrf	postinc0,c
   154   000F9C  06E8               	decf	wreg,f,c
   155   000F9E  E1FD               	bnz	clear_0
   156   000FA0                     end_of_initialization:
   157                           	callstack 0
   158   000FA0                     __end_of__initialization:
   159                           	callstack 0
   160   000FA0  0100               	movlb	0
   161   000FA2  EFAF  F007         	goto	_main	;jump to C main() function
   162                           
   163                           	psect	bssCOMRAM
   164   000001                     __pbssCOMRAM:
   165                           	callstack 0
   166   000001                     _INT2_InterruptHandler:
   167                           	callstack 0
   168   000001                     	ds	3
   169   000004                     _INT1_InterruptHandler:
   170                           	callstack 0
   171   000004                     	ds	3
   172   000007                     _INT0_InterruptHandler:
   173                           	callstack 0
   174   000007                     	ds	3
   175                           
   176                           	psect	cstackCOMRAM
   177   00000A                     __pcstackCOMRAM:
   178                           	callstack 0
   179   00000A                     PWM3_LoadDutyValue@dutyValue:
   180                           	callstack 0
   181                           
   182                           ; 2 bytes @ 0x0
   183   00000A                     	ds	2
   184   00000C                     ??_PWM3_LoadDutyValue:
   185                           
   186                           ; 1 bytes @ 0x2
   187   00000C                     	ds	2
   188   00000E                     
   189                           ; 1 bytes @ 0x4
   190 ;;
   191 ;;Main: autosize = 0, tempsize = 0, incstack = 0, save=0
   192 ;;
   193 ;; *************** function _main *****************
   194 ;; Defined at:
   195 ;;		line 8 in file "main.c"
   196 ;; Parameters:    Size  Location     Type
   197 ;;		None
   198 ;; Auto vars:     Size  Location     Type
   199 ;;		None
   200 ;; Return value:  Size  Location     Type
   201 ;;                  1    wreg      void 
   202 ;; Registers used:
   203 ;;		wreg, status,2, status,0, cstack
   204 ;; Tracked objects:
   205 ;;		On entry : 0/0
   206 ;;		On exit  : 0/0
   207 ;;		Unchanged: 0/0
   208 ;; Data sizes:     COMRAM   BANK0   BANK1   BANK2   BANK3   BANK4   BANK5   BANK6   BANK7   BANK8   BANK9  BANK10  BANK1
      +1  BANK12  BANK14
   209 ;;      Params:         0       0       0       0       0       0       0       0       0       0       0       0       
      +0       0       0
   210 ;;      Locals:         0       0       0       0       0       0       0       0       0       0       0       0       
      +0       0       0
   211 ;;      Temps:          0       0       0       0       0       0       0       0       0       0       0       0       
      +0       0       0
   212 ;;      Totals:         0       0       0       0       0       0       0       0       0       0       0       0       
      +0       0       0
   213 ;;Total ram usage:        0 bytes
   214 ;; Hardware stack levels required when called: 1
   215 ;; This function calls:
   216 ;;		_PWM3_Initialize
   217 ;;		_PWM3_LoadDutyValue
   218 ;;		_TMR2_Initialize
   219 ;;		_TMR2_Start
   220 ;; This function is called by:
   221 ;;		Startup code after reset
   222 ;; This function uses a non-reentrant model
   223 ;;
   224                           
   225                           	psect	text0
   226   000F5E                     __ptext0:
   227                           	callstack 0
   228   000F5E                     _main:
   229                           	callstack 30
   230   000F5E                     
   231                           ;main.c: 10:     TMR2_Initialize();
   232   000F5E  EC9B  F007         	call	_TMR2_Initialize	;wreg free
   233   000F62                     
   234                           ;main.c: 11:     PWM3_Initialize();
   235   000F62  ECBF  F007         	call	_PWM3_Initialize	;wreg free
   236   000F66                     
   237                           ;main.c: 13:     TMR2_Start();
   238   000F66  ECD3  F007         	call	_TMR2_Start	;wreg free
   239   000F6A                     
   240                           ;main.c: 14:     PWM3_LoadDutyValue(200);
   241   000F6A  0E00               	movlw	0
   242   000F6C  6E0B               	movwf	(PWM3_LoadDutyValue@dutyValue+1)^0,c
   243   000F6E  0EC8               	movlw	200
   244   000F70  6E0A               	movwf	PWM3_LoadDutyValue@dutyValue^0,c
   245   000F72  EC81  F007         	call	_PWM3_LoadDutyValue	;wreg free
   246   000F76                     l53:
   247   000F76  EFBB  F007         	goto	l53
   248   000F7A  EF00  F000         	goto	start
   249   000F7E                     __end_of_main:
   250                           	callstack 0
   251                           
   252 ;; *************** function _TMR2_Start *****************
   253 ;; Defined at:
   254 ;;		line 89 in file "mcc_generated_files/timer/src/tmr2.c"
   255 ;; Parameters:    Size  Location     Type
   256 ;;		None
   257 ;; Auto vars:     Size  Location     Type
   258 ;;		None
   259 ;; Return value:  Size  Location     Type
   260 ;;                  1    wreg      void 
   261 ;; Registers used:
   262 ;;		None
   263 ;; Tracked objects:
   264 ;;		On entry : 0/0
   265 ;;		On exit  : 0/0
   266 ;;		Unchanged: 0/0
   267 ;; Data sizes:     COMRAM   BANK0   BANK1   BANK2   BANK3   BANK4   BANK5   BANK6   BANK7   BANK8   BANK9  BANK10  BANK1
      +1  BANK12  BANK14
   268 ;;      Params:         0       0       0       0       0       0       0       0       0       0       0       0       
      +0       0       0
   269 ;;      Locals:         0       0       0       0       0       0       0       0       0       0       0       0       
      +0       0       0
   270 ;;      Temps:          0       0       0       0       0       0       0       0       0       0       0       0       
      +0       0       0
   271 ;;      Totals:         0       0       0       0       0       0       0       0       0       0       0       0       
      +0       0       0
   272 ;;Total ram usage:        0 bytes
   273 ;; Hardware stack levels used: 1
   274 ;; This function calls:
   275 ;;		Nothing
   276 ;; This function is called by:
   277 ;;		_main
   278 ;; This function uses a non-reentrant model
   279 ;;
   280                           
   281                           	psect	text1
   282   000FA6                     __ptext1:
   283                           	callstack 0
   284   000FA6                     _TMR2_Start:
   285                           	callstack 30
   286   000FA6                     
   287                           ;mcc_generated_files/timer/src/tmr2.c: 91:     T2CONbits.TMR2ON = 1;
   288   000FA6  8EBC               	bsf	188,7,c	;volatile
   289   000FA8  0012               	return		;funcret
   290   000FAA                     __end_of_TMR2_Start:
   291                           	callstack 0
   292                           
   293 ;; *************** function _TMR2_Initialize *****************
   294 ;; Defined at:
   295 ;;		line 50 in file "mcc_generated_files/timer/src/tmr2.c"
   296 ;; Parameters:    Size  Location     Type
   297 ;;		None
   298 ;; Auto vars:     Size  Location     Type
   299 ;;		None
   300 ;; Return value:  Size  Location     Type
   301 ;;                  1    wreg      void 
   302 ;; Registers used:
   303 ;;		wreg, status,2, status,0
   304 ;; Tracked objects:
   305 ;;		On entry : 0/0
   306 ;;		On exit  : 0/0
   307 ;;		Unchanged: 0/0
   308 ;; Data sizes:     COMRAM   BANK0   BANK1   BANK2   BANK3   BANK4   BANK5   BANK6   BANK7   BANK8   BANK9  BANK10  BANK1
      +1  BANK12  BANK14
   309 ;;      Params:         0       0       0       0       0       0       0       0       0       0       0       0       
      +0       0       0
   310 ;;      Locals:         0       0       0       0       0       0       0       0       0       0       0       0       
      +0       0       0
   311 ;;      Temps:          0       0       0       0       0       0       0       0       0       0       0       0       
      +0       0       0
   312 ;;      Totals:         0       0       0       0       0       0       0       0       0       0       0       0       
      +0       0       0
   313 ;;Total ram usage:        0 bytes
   314 ;; Hardware stack levels used: 1
   315 ;; This function calls:
   316 ;;		Nothing
   317 ;; This function is called by:
   318 ;;		_main
   319 ;;		_SYSTEM_Initialize
   320 ;; This function uses a non-reentrant model
   321 ;;
   322                           
   323                           	psect	text2
   324   000F36                     __ptext2:
   325                           	callstack 0
   326   000F36                     _TMR2_Initialize:
   327                           	callstack 30
   328   000F36                     
   329                           ;mcc_generated_files/timer/src/tmr2.c: 52:     T2CLKCON = (1 << 0x0);
   330   000F36  0E01               	movlw	1
   331   000F38  6EBE               	movwf	190,c	;volatile
   332                           
   333                           ;mcc_generated_files/timer/src/tmr2.c: 54:     T2HLT = (0 << 0x0)
   334   000F3A  0E00               	movlw	0
   335   000F3C  6EBD               	movwf	189,c	;volatile
   336                           
   337                           ;mcc_generated_files/timer/src/tmr2.c: 59:     T2RST = (0 << 0x0);
   338   000F3E  0E00               	movlw	0
   339   000F40  6EBF               	movwf	191,c	;volatile
   340   000F42                     
   341                           ;mcc_generated_files/timer/src/tmr2.c: 61:     T2PR = 0xFF;
   342   000F42  68BB               	setf	187,c	;volatile
   343                           
   344                           ;mcc_generated_files/timer/src/tmr2.c: 63:     T2TMR = 0x0;
   345   000F44  0E00               	movlw	0
   346   000F46  6EBA               	movwf	186,c	;volatile
   347   000F48                     
   348                           ;mcc_generated_files/timer/src/tmr2.c: 65:     TMR2_PeriodMatchCallback = TMR2_DefaultPe
      +                          riodMatchCallback;
   349   000F48  0E00               	movlw	0
   350   000F4A  6E0E               	movwf	_TMR2_PeriodMatchCallback^0,c
   351   000F4C  0E00               	movlw	0
   352   000F4E  6E0F               	movwf	(_TMR2_PeriodMatchCallback+1)^0,c
   353   000F50  0E00               	movlw	0
   354   000F52  6E10               	movwf	(_TMR2_PeriodMatchCallback+2)^0,c
   355   000F54                     
   356                           ;mcc_generated_files/timer/src/tmr2.c: 67:     PIR4bits.TMR2IF = 0;
   357   000F54  010E               	movlb	14	; () banked
   358   000F56  93C9               	bcf	201,1,b	;volatile
   359   000F58                     
   360                           ; BSR set to: 14
   361                           ;mcc_generated_files/timer/src/tmr2.c: 69:     T2CON = (4 << 0x4)
   362   000F58  0EC0               	movlw	192
   363   000F5A  6EBC               	movwf	188,c	;volatile
   364   000F5C                     
   365                           ; BSR set to: 14
   366   000F5C  0012               	return		;funcret
   367   000F5E                     __end_of_TMR2_Initialize:
   368                           	callstack 0
   369                           
   370 ;; *************** function _PWM3_LoadDutyValue *****************
   371 ;; Defined at:
   372 ;;		line 63 in file "mcc_generated_files/pwm/src/pwm3.c"
   373 ;; Parameters:    Size  Location     Type
   374 ;;  dutyValue       2    0[COMRAM] unsigned short 
   375 ;; Auto vars:     Size  Location     Type
   376 ;;		None
   377 ;; Return value:  Size  Location     Type
   378 ;;                  1    wreg      void 
   379 ;; Registers used:
   380 ;;		wreg, status,2, status,0
   381 ;; Tracked objects:
   382 ;;		On entry : 0/0
   383 ;;		On exit  : 0/0
   384 ;;		Unchanged: 0/0
   385 ;; Data sizes:     COMRAM   BANK0   BANK1   BANK2   BANK3   BANK4   BANK5   BANK6   BANK7   BANK8   BANK9  BANK10  BANK1
      +1  BANK12  BANK14
   386 ;;      Params:         2       0       0       0       0       0       0       0       0       0       0       0       
      +0       0       0
   387 ;;      Locals:         0       0       0       0       0       0       0       0       0       0       0       0       
      +0       0       0
   388 ;;      Temps:          2       0       0       0       0       0       0       0       0       0       0       0       
      +0       0       0
   389 ;;      Totals:         4       0       0       0       0       0       0       0       0       0       0       0       
      +0       0       0
   390 ;;Total ram usage:        4 bytes
   391 ;; Hardware stack levels used: 1
   392 ;; This function calls:
   393 ;;		Nothing
   394 ;; This function is called by:
   395 ;;		_main
   396 ;; This function uses a non-reentrant model
   397 ;;
   398                           
   399                           	psect	text3
   400   000F02                     __ptext3:
   401                           	callstack 0
   402   000F02                     _PWM3_LoadDutyValue:
   403                           	callstack 30
   404   000F02                     
   405                           ;mcc_generated_files/pwm/src/pwm3.c: 63:  void PWM3_LoadDutyValue(uint16_t dutyValue);mc
      +                          c_generated_files/pwm/src/pwm3.c: 64:  {;mcc_generated_files/pwm/src/pwm3.c: 66:      PW
      +                          M3DCH = (uint8_t) ((dutyValue & 0x03FCu) >> 2);
   406   000F02  C00A  F00C         	movff	PWM3_LoadDutyValue@dutyValue,??_PWM3_LoadDutyValue
   407   000F06  C00B  F00D         	movff	PWM3_LoadDutyValue@dutyValue+1,??_PWM3_LoadDutyValue+1
   408   000F0A  90D8               	bcf	status,0,c
   409   000F0C  320D               	rrcf	(??_PWM3_LoadDutyValue+1)^0,f,c
   410   000F0E  320C               	rrcf	??_PWM3_LoadDutyValue^0,f,c
   411   000F10  90D8               	bcf	status,0,c
   412   000F12  320D               	rrcf	(??_PWM3_LoadDutyValue+1)^0,f,c
   413   000F14  320C               	rrcf	??_PWM3_LoadDutyValue^0,f,c
   414   000F16  500C               	movf	??_PWM3_LoadDutyValue^0,w,c
   415   000F18  6EA3               	movwf	163,c	;volatile
   416                           
   417                           ;mcc_generated_files/pwm/src/pwm3.c: 69:      PWM3DCL = (uint8_t) ((dutyValue & 0x0003u)
      +                           << 6);
   418   000F1A  C00A  F00C         	movff	PWM3_LoadDutyValue@dutyValue,??_PWM3_LoadDutyValue
   419   000F1E  0E03               	movlw	3
   420   000F20  160C               	andwf	??_PWM3_LoadDutyValue^0,f,c
   421   000F22  0E06               	movlw	6
   422   000F24  6E0D               	movwf	(??_PWM3_LoadDutyValue+1)^0,c
   423   000F26                     u115:
   424   000F26  90D8               	bcf	status,0,c
   425   000F28  360C               	rlcf	??_PWM3_LoadDutyValue^0,f,c
   426   000F2A  2E0D               	decfsz	(??_PWM3_LoadDutyValue+1)^0,f,c
   427   000F2C  EF93  F007         	goto	u115
   428   000F30  500C               	movf	??_PWM3_LoadDutyValue^0,w,c
   429   000F32  6EA2               	movwf	162,c	;volatile
   430   000F34  0012               	return		;funcret
   431   000F36                     __end_of_PWM3_LoadDutyValue:
   432                           	callstack 0
   433                           
   434 ;; *************** function _PWM3_Initialize *****************
   435 ;; Defined at:
   436 ;;		line 45 in file "mcc_generated_files/pwm/src/pwm3.c"
   437 ;; Parameters:    Size  Location     Type
   438 ;;		None
   439 ;; Auto vars:     Size  Location     Type
   440 ;;		None
   441 ;; Return value:  Size  Location     Type
   442 ;;                  1    wreg      void 
   443 ;; Registers used:
   444 ;;		wreg, status,2
   445 ;; Tracked objects:
   446 ;;		On entry : 0/0
   447 ;;		On exit  : 0/0
   448 ;;		Unchanged: 0/0
   449 ;; Data sizes:     COMRAM   BANK0   BANK1   BANK2   BANK3   BANK4   BANK5   BANK6   BANK7   BANK8   BANK9  BANK10  BANK1
      +1  BANK12  BANK14
   450 ;;      Params:         0       0       0       0       0       0       0       0       0       0       0       0       
      +0       0       0
   451 ;;      Locals:         0       0       0       0       0       0       0       0       0       0       0       0       
      +0       0       0
   452 ;;      Temps:          0       0       0       0       0       0       0       0       0       0       0       0       
      +0       0       0
   453 ;;      Totals:         0       0       0       0       0       0       0       0       0       0       0       0       
      +0       0       0
   454 ;;Total ram usage:        0 bytes
   455 ;; Hardware stack levels used: 1
   456 ;; This function calls:
   457 ;;		Nothing
   458 ;; This function is called by:
   459 ;;		_main
   460 ;;		_SYSTEM_Initialize
   461 ;; This function uses a non-reentrant model
   462 ;;
   463                           
   464                           	psect	text4
   465   000F7E                     __ptext4:
   466                           	callstack 0
   467   000F7E                     _PWM3_Initialize:
   468                           	callstack 30
   469   000F7E                     
   470                           ;mcc_generated_files/pwm/src/pwm3.c: 50:     PWM3CON = 0x80;
   471   000F7E  0E80               	movlw	128
   472   000F80  6EA4               	movwf	164,c	;volatile
   473                           
   474                           ;mcc_generated_files/pwm/src/pwm3.c: 53:     PWM3DCH = 0x7F;
   475   000F82  0E7F               	movlw	127
   476   000F84  6EA3               	movwf	163,c	;volatile
   477                           
   478                           ;mcc_generated_files/pwm/src/pwm3.c: 56:     PWM3DCL = 0xC0;
   479   000F86  0EC0               	movlw	192
   480   000F88  6EA2               	movwf	162,c	;volatile
   481                           
   482                           ;mcc_generated_files/pwm/src/pwm3.c: 59:     CCPTMRSbits.P3TSEL = 0x1;
   483   000F8A  50AD               	movf	173,w,c	;volatile
   484   000F8C  0BCF               	andlw	-49
   485   000F8E  0910               	iorlw	16
   486   000F90  6EAD               	movwf	173,c	;volatile
   487   000F92  0012               	return		;funcret
   488   000F94                     __end_of_PWM3_Initialize:
   489                           	callstack 0
   490                           
   491                           	psect	smallconst
   492   000F00                     __psmallconst:
   493                           	callstack 0
   494   000F00  00                 	db	0
   495   000F01  00                 	db	0	; dummy byte at the end
   496   000000                     
   497                           	psect	rparam
   498   000000                     
   499                           	psect	config
   500                           
   501                           ;Config register CONFIG1L @ 0x300000
   502                           ;	External Oscillator mode Selection bits
   503                           ;	FEXTOSC = OFF, Oscillator not enabled
   504                           ;	Power-up default value for COSC bits
   505                           ;	RSTOSC = LFINTOSC, Low-Frequency Oscillator
   506   300000                     	org	3145728
   507   300000  DC                 	db	220
   508                           
   509                           ;Config register CONFIG1H @ 0x300001
   510                           ;	Clock Out Enable bit
   511                           ;	CLKOUTEN = OFF, CLKOUT function is disabled
   512                           ;	Clock Switch Enable bit
   513                           ;	CSWEN = ON, Writing to NOSC and NDIV is allowed
   514                           ;	Fail-Safe Clock Monitor Enable bit
   515                           ;	FCMEN = OFF, Fail-Safe Clock Monitor disabled
   516   300001                     	org	3145729
   517   300001  DF                 	db	223
   518                           
   519                           ;Config register CONFIG2L @ 0x300002
   520                           ;	Master Clear Enable bit
   521                           ;	MCLRE = EXTMCLR, MCLR pin (RE3) is MCLR
   522                           ;	Power-up Timer Enable bit
   523                           ;	PWRTE = OFF, Power up timer disabled
   524                           ;	Low-power BOR enable bit
   525                           ;	LPBOREN = OFF, Low power BOR is disabled
   526                           ;	Brown-out Reset Enable bits
   527                           ;	BOREN = SBORDIS, Brown-out Reset enabled , SBOREN bit is ignored
   528   300002                     	org	3145730
   529   300002  FF                 	db	255
   530                           
   531                           ;Config register CONFIG2H @ 0x300003
   532                           ;	Brown Out Reset Voltage selection bits
   533                           ;	BORV = VBOR_190, Brown-out Reset Voltage (VBOR) set to 1.90V
   534                           ;	ZCD Disable bit
   535                           ;	ZCD = OFF, ZCD disabled. ZCD can be enabled by setting the ZCDSEN bit of ZCDCON
   536                           ;	PPSLOCK bit One-Way Set Enable bit
   537                           ;	PPS1WAY = ON, PPSLOCK bit can be cleared and set only once; PPS registers remain locke
      +                          d after one clear/set cycle
   538                           ;	Stack Full/Underflow Reset Enable bit
   539                           ;	STVREN = ON, Stack full/underflow will cause Reset
   540                           ;	Extended Instruction Set Enable bit
   541                           ;	XINST = OFF, Extended Instruction Set and Indexed Addressing Mode disabled
   542   300003                     	org	3145731
   543   300003  FF                 	db	255
   544                           
   545                           ;Config register CONFIG3L @ 0x300004
   546                           ;	WDT Period Select bits
   547                           ;	WDTCPS = WDTCPS_31, Divider ratio 1:65536; software control of WDTPS
   548                           ;	WDT operating mode
   549                           ;	WDTE = OFF, WDT Disabled
   550   300004                     	org	3145732
   551   300004  9F                 	db	159
   552                           
   553                           ;Config register CONFIG3H @ 0x300005
   554                           ;	WDT Window Select bits
   555                           ;	WDTCWS = WDTCWS_7, window always open (100%); software control; keyed access not requi
      +                          red
   556                           ;	WDT input clock selector
   557                           ;	WDTCCS = SC, Software Control
   558   300005                     	org	3145733
   559   300005  FF                 	db	255
   560                           
   561                           ;Config register CONFIG4L @ 0x300006
   562                           ;	Write Protection Block 0
   563                           ;	WRT0 = OFF, Block 0 (000800-003FFFh) not write-protected
   564                           ;	Write Protection Block 1
   565                           ;	WRT1 = OFF, Block 1 (004000-007FFFh) not write-protected
   566                           ;	Write Protection Block 2
   567                           ;	WRT2 = OFF, Block 2 (008000-00BFFFh) not write-protected
   568                           ;	Write Protection Block 3
   569                           ;	WRT3 = OFF, Block 3 (00C000-00FFFFh) not write-protected
   570                           ;	Write Protection Block 4
   571                           ;	WRT4 = OFF, Block 4 (010000-013FFFh) not write-protected
   572                           ;	Write Protection Block 5
   573                           ;	WRT5 = OFF, Block 5 (014000-017FFFh) not write-protected
   574                           ;	Write Protection Block 6
   575                           ;	WRT6 = OFF, Block 6 (018000-01BFFFh) not write-protected
   576                           ;	Write Protection Block 7
   577                           ;	WRT7 = OFF, Block 7 (01C000-01FFFFh) not write-protected
   578   300006                     	org	3145734
   579   300006  FF                 	db	255
   580                           
   581                           ;Config register CONFIG4H @ 0x300007
   582                           ;	Configuration Register Write Protection bit
   583                           ;	WRTC = OFF, Configuration registers (300000-30000Bh) not write-protected
   584                           ;	Boot Block Write Protection bit
   585                           ;	WRTB = OFF, Boot Block (000000-0007FFh) not write-protected
   586                           ;	Data EEPROM Write Protection bit
   587                           ;	WRTD = OFF, Data EEPROM not write-protected
   588                           ;	Scanner Enable bit
   589                           ;	SCANE = ON, Scanner module is available for use, SCANMD bit can control the module
   590                           ;	Low Voltage Programming Enable bit
   591                           ;	LVP = ON, Low voltage programming enabled. MCLR/VPP pin function is MCLR. MCLRE config
      +                          uration bit is ignored
   592   300007                     	org	3145735
   593   300007  FF                 	db	255
   594                           
   595                           ;Config register CONFIG5L @ 0x300008
   596                           ;	UserNVM Program Memory Code Protection bit
   597                           ;	CP = OFF, UserNVM code protection disabled
   598                           ;	DataNVM Memory Code Protection bit
   599                           ;	CPD = OFF, DataNVM code protection disabled
   600   300008                     	org	3145736
   601   300008  FF                 	db	255
   602                           
   603                           ;Config register CONFIG5H @ 0x300009
   604                           ;	unspecified, using default values
   605   300009                     	org	3145737
   606   300009  FF                 	db	255
   607                           
   608                           ;Config register CONFIG6L @ 0x30000A
   609                           ;	Table Read Protection Block 0
   610                           ;	EBTR0 = OFF, Block 0 (000800-003FFFh) not protected from table reads executed in other
      +                           blocks
   611                           ;	Table Read Protection Block 1
   612                           ;	EBTR1 = OFF, Block 1 (004000-007FFFh) not protected from table reads executed in other
      +                           blocks
   613                           ;	Table Read Protection Block 2
   614                           ;	EBTR2 = OFF, Block 2 (008000-00BFFFh) not protected from table reads executed in other
      +                           blocks
   615                           ;	Table Read Protection Block 3
   616                           ;	EBTR3 = OFF, Block 3 (00C000-00FFFFh) not protected from table reads executed in other
      +                           blocks
   617                           ;	Table Read Protection Block 4
   618                           ;	EBTR4 = OFF, Block 4 (010000-013FFFh) not protected from table reads executed in other
      +                           blocks
   619                           ;	Table Read Protection Block 5
   620                           ;	EBTR5 = OFF, Block 5 (014000-017FFFh) not protected from table reads executed in other
      +                           blocks
   621                           ;	Table Read Protection Block 6
   622                           ;	EBTR6 = OFF, Block 6 (018000-01BFFFh) not protected from table reads executed in other
      +                           blocks
   623                           ;	Table Read Protection Block 7
   624                           ;	EBTR7 = OFF, Block 7 (01C000-01FFFFh) not protected from table reads executed in other
      +                           blocks
   625   30000A                     	org	3145738
   626   30000A  FF                 	db	255
   627                           
   628                           ;Config register CONFIG6H @ 0x30000B
   629                           ;	Boot Block Table Read Protection bit
   630                           ;	EBTRB = OFF, Boot Block (000000-0007FFh) not protected from table reads executed in ot
      +                          her blocks
   631   30000B                     	org	3145739
   632   30000B  FF                 	db	255
   633                           tosu	equ	0xFFF
   634                           tosh	equ	0xFFE
   635                           tosl	equ	0xFFD
   636                           stkptr	equ	0xFFC
   637                           pclatu	equ	0xFFB
   638                           pclath	equ	0xFFA
   639                           pcl	equ	0xFF9
   640                           tblptru	equ	0xFF8
   641                           tblptrh	equ	0xFF7
   642                           tblptrl	equ	0xFF6
   643                           tablat	equ	0xFF5
   644                           prodh	equ	0xFF4
   645                           prodl	equ	0xFF3
   646                           indf0	equ	0xFEF
   647                           postinc0	equ	0xFEE
   648                           postdec0	equ	0xFED
   649                           preinc0	equ	0xFEC
   650                           plusw0	equ	0xFEB
   651                           fsr0h	equ	0xFEA
   652                           fsr0l	equ	0xFE9
   653                           wreg	equ	0xFE8
   654                           indf1	equ	0xFE7
   655                           postinc1	equ	0xFE6
   656                           postdec1	equ	0xFE5
   657                           preinc1	equ	0xFE4
   658                           plusw1	equ	0xFE3
   659                           fsr1h	equ	0xFE2
   660                           fsr1l	equ	0xFE1
   661                           bsr	equ	0xFE0
   662                           indf2	equ	0xFDF
   663                           postinc2	equ	0xFDE
   664                           postdec2	equ	0xFDD
   665                           preinc2	equ	0xFDC
   666                           plusw2	equ	0xFDB
   667                           fsr2h	equ	0xFDA
   668                           fsr2l	equ	0xFD9
   669                           status	equ	0xFD8

Data Sizes:
    Strings     0
    Constant    0
    Data        0
    BSS         9
    Persistent  3
    Stack       0

Auto Spaces:
    Space          Size  Autos    Used
    COMRAM           95      4      16
    BANK0           160      0       0
    BANK1           256      0       0
    BANK2           256      0       0
    BANK3           256      0       0
    BANK4           256      0       0
    BANK5           256      0       0
    BANK6           256      0       0
    BANK7           256      0       0
    BANK8           256      0       0
    BANK9           256      0       0
    BANK10          256      0       0
    BANK11          256      0       0
    BANK12          256      0       0
    BANK14           31      0       0

Pointer List with Targets:

    INT0_InterruptHandler	PTR FTN()void  size(3) Largest target is 1
		 -> INT0_DefaultInterruptHandler(), NULL(), 

    INT1_InterruptHandler	PTR FTN()void  size(3) Largest target is 1
		 -> INT1_DefaultInterruptHandler(), NULL(), 

    INT2_InterruptHandler	PTR FTN()void  size(3) Largest target is 1
		 -> INT2_DefaultInterruptHandler(), NULL(), 

    TMR2_PeriodMatchCallback	PTR FTN()void  size(3) Largest target is 1
		 -> TMR2_DefaultPeriodMatchCallback(), NULL(), 


Critical Paths under _main in COMRAM

    _main->_PWM3_LoadDutyValue

Critical Paths under _main in BANK0

    None.

Critical Paths under _main in BANK1

    None.

Critical Paths under _main in BANK2

    None.

Critical Paths under _main in BANK3

    None.

Critical Paths under _main in BANK4

    None.

Critical Paths under _main in BANK5

    None.

Critical Paths under _main in BANK6

    None.

Critical Paths under _main in BANK7

    None.

Critical Paths under _main in BANK8

    None.

Critical Paths under _main in BANK9

    None.

Critical Paths under _main in BANK10

    None.

Critical Paths under _main in BANK11

    None.

Critical Paths under _main in BANK12

    None.

Critical Paths under _main in BANK14

    None.

Call Graph Tables:

 ---------------------------------------------------------------------------------
 (Depth) Function   	        Calls       Base Space   Used Autos Params    Refs
 ---------------------------------------------------------------------------------
 (0) _main                                                 0     0      0     120
                    _PWM3_Initialize
                 _PWM3_LoadDutyValue
                    _TMR2_Initialize
                         _TMR2_Start
 ---------------------------------------------------------------------------------
 (1) _TMR2_Start                                           0     0      0       0
 ---------------------------------------------------------------------------------
 (1) _TMR2_Initialize                                      0     0      0       0
 ---------------------------------------------------------------------------------
 (1) _PWM3_LoadDutyValue                                   4     2      2     120
                                              0 COMRAM     4     2      2
 ---------------------------------------------------------------------------------
 (1) _PWM3_Initialize                                      0     0      0       0
 ---------------------------------------------------------------------------------
 Estimated maximum stack depth 1
 ---------------------------------------------------------------------------------

 Call Graph Graphs:

 _main (ROOT)
   _PWM3_Initialize
   _PWM3_LoadDutyValue
   _TMR2_Initialize
   _TMR2_Start

 Address spaces:
Name               Size   Autos  Total    Cost      Usage
BIGRAM             CFF      0       0      49        0.0%
EEDATA             400      0       0       0        0.0%
BITBIGSFR          100      0       0      48        0.0%
BITBANK12          100      0       0      28        0.0%
BANK12             100      0       0      29        0.0%
BITBANK11          100      0       0      26        0.0%
BANK11             100      0       0      27        0.0%
BITBANK10          100      0       0      24        0.0%
BANK10             100      0       0      25        0.0%
BITBANK9           100      0       0      22        0.0%
BANK9              100      0       0      23        0.0%
BITBANK8           100      0       0      20        0.0%
BANK8              100      0       0      21        0.0%
BITBANK7           100      0       0      18        0.0%
BANK7              100      0       0      19        0.0%
BITBANK6           100      0       0      16        0.0%
BANK6              100      0       0      17        0.0%
BITBANK5           100      0       0      14        0.0%
BANK5              100      0       0      15        0.0%
BITBANK4           100      0       0      12        0.0%
BANK4              100      0       0      13        0.0%
BITBANK3           100      0       0      10        0.0%
BANK3              100      0       0      11        0.0%
BITBANK2           100      0       0       8        0.0%
BANK2              100      0       0       9        0.0%
BITBANK1           100      0       0       6        0.0%
BANK1              100      0       0       7        0.0%
BITBIGSFR_1llll     A2      0       0      45        0.0%
BITBANK0            A0      0       0       4        0.0%
BANK0               A0      0       0       5        0.0%
BITCOMRAM           5F      0       0       0        0.0%
COMRAM              5F      4      10       1       16.8%
BITBIGSFR_1lhhh     58      0       0      37        0.0%
BITBIGSFR_1hhhl     32      0       0      33        0.0%
BITBANK14           1F      0       0      30        0.0%
BANK14              1F      0       0      31        0.0%
BIGRAM_1            1F      0       0      47        0.0%
BITBIGSFR_1lhhh     1E      0       0      38        0.0%
BITBIGSFR_1lhhh     16      0       0      36        0.0%
BITBIGSFR_1hhhh      D      0       0      32        0.0%
BITBIGSFR_1lhhh      C      0       0      39        0.0%
BITBIGSFR_1hhll      C      0       0      34        0.0%
BITBIGSFR_1llh       9      0       0      42        0.0%
BITBIGSFR_1hl        8      0       0      35        0.0%
BITBIGSFR_1lllh      3      0       0      43        0.0%
BITBIGSFR_1lllh      3      0       0      44        0.0%
BITBIGSFR_1lhhl      1      0       0      40        0.0%
BITBIGSFR_1lhl       1      0       0      41        0.0%
BIGSFR_1             0      0       0     200        0.0%
BIGSFR               0      0       0     200        0.0%
BITSFR_3             0      0       0     200        0.0%
SFR_3                0      0       0     200        0.0%
BITSFR_2             0      0       0     200        0.0%
SFR_2                0      0       0     200        0.0%
BITSFR_1             0      0       0     200        0.0%
SFR_1                0      0       0     200        0.0%
BITSFR               0      0       0     200        0.0%
SFR                  0      0       0     200        0.0%
STACK                0      0       0       2        0.0%
NULL                 0      0       0       0        0.0%
ABS                  0      0      10      46        0.0%
DATA                 0      0      10       3        0.0%
CODE                 0      0       0       0        0.0%


Microchip Technology PIC18 Macro Assembler V2.46 build 20240104201356 
Symbol Table                                                                                   Thu Apr 24 12:18:40 2025

                             l24 0F92                               l27 0F34                               l53 0F76  
                             l54 0F76                              l193 0FA8                              l187 0F5C  
                            l980 0F36                              l990 0F7E                              l982 0F42  
                            l984 0F48                              l986 0F54                              l994 0FA6  
                            l988 0F58                              u115 0F26                  _TMR2_Initialize 0F36  
                            wreg 0FE8                             l1130 0F02                             l1132 0F5E  
                           l1134 0F62                             l1136 0F66                             l1138 0F6A  
                           _LATA 0F82                             _LATB 0F83                             _LATC 0F84  
                           _LATD 0F85                             _LATE 0F86                             _T2PR 0FBB  
                           _WPUA 0F0B                             _WPUB 0F13                             _WPUC 0F1B  
                           _WPUD 0F20                             _WPUE 0F28                             _main 0F5E  
                           start 0000                     ___param_bank 0000                            ?_main 000A  
                          _T2CON 0FBC                            _IOCAF 0F05                            _T2HLT 0FBD  
                          _IOCBF 0F0D                            _IOCCF 0F15                            _IOCAN 0F06  
                          _IOCEF 0F22                            _IOCAP 0F07                            _IOCBN 0F0E  
                          _IOCBP 0F0F                            _IOCCN 0F16                            _IOCCP 0F17  
                          _IOCEN 0F23                            _IOCEP 0F24                            _T2TMR 0FBA  
                          _T2RST 0FBF                            _OSCEN 0ED7                            _TRISA 0F87  
                          _TRISB 0F88                            _TRISC 0F89                            _TRISD 0F8A  
                          _TRISE 0F8B                      ?_TMR2_Start 000A          __end_of_PWM3_Initialize 0F94  
                          status 0FD8                  __initialization 0F94                     __end_of_main 0F7E  
        __end_of_TMR2_Initialize 0F5E                           ??_main 000E                    __activetblptr 0003  
                         _ANSELA 0F0C                           _ANSELB 0F14                           _ANSELC 0F1C  
                         _ANSELD 0F21                           _ANSELE 0F29                           _RA4PPS 0EE6  
                         _ODCONA 0F0A                           _ODCONB 0F12                           _ODCONC 0F1A  
                         _ODCOND 0F1F                           _ODCONE 0F27                           _INLVLA 0F08  
                         _INLVLB 0F10                           _INLVLC 0F18                           _INLVLD 0F1D  
                         _INLVLE 0F25                           _OSCFRQ 0ED9                           clear_0 0F9A  
                         isa$std 0001     _INT2_DefaultInterruptHandler 0000                     __mediumconst 0000  
               ?_PWM3_Initialize 000A                       __accesstop 0060          __end_of__initialization 0FA0  
                  ___rparam_used 0001                   __pcstackCOMRAM 000A                 ?_TMR2_Initialize 000A  
          _INT0_InterruptHandler 0007                       __pnvCOMRAM 000E                          _OSCCON1 0ED3  
                        _OSCCON3 0ED5                          _OSCTUNE 0ED8                          _PWM3DCH 0FA3  
                        _PWM3DCL 0FA2                          _PWM3CON 0FA4                          _SLRCONA 0F09  
                        _SLRCONB 0F11                          _SLRCONC 0F19                          _SLRCOND 0F1E  
                        _SLRCONE 0F26                     ??_TMR2_Start 000A                          __Hparam 0000  
                        __Lparam 0000                     __psmallconst 0F00               __end_of_TMR2_Start 0FAA  
                        __pcinit 0F94                          __ramtop 0F00                          __ptext0 0F5E  
                        __ptext1 0FA6                          __ptext2 0F36                          __ptext3 0F02  
                        __ptext4 0F7E                        _T2CONbits 0FBC                        _T2HLTbits 0FBD  
           end_of_initialization 0FA0                        _T2RSTbits 0FBF                          postinc0 0FEE  
          _INT1_InterruptHandler 0004       __end_of_PWM3_LoadDutyValue 0F36  _TMR2_DefaultPeriodMatchCallback 0000  
   _INT0_DefaultInterruptHandler 0000              start_initialization 0F94                      _CCPTMRSbits 0FAD  
                    __pbssCOMRAM 0001            _INT2_InterruptHandler 0001                      __smallconst 0F00  
                       _T2CLKCON 0FBE                         _PIE4bits 0EC1                         _PIR0bits 0EC5  
                       _PIR4bits 0EC9                ??_PWM3_Initialize 000A                ??_TMR2_Initialize 000A  
                       __Hrparam 0000                         __Lrparam 0000               _PWM3_LoadDutyValue 0F02  
            ?_PWM3_LoadDutyValue 000A             ??_PWM3_LoadDutyValue 000C                         isa$xinst 0000  
   _INT1_DefaultInterruptHandler 0000                       _INTCONbits 0FF2      PWM3_LoadDutyValue@dutyValue 000A  
                     _TMR2_Start 0FA6                  _PWM3_Initialize 0F7E         _TMR2_PeriodMatchCallback 000E  
